[[1.181554,{"lines":{"0":[["                                                                                                    ",{}]],"1":[["                                                                                                    ",{}]],"2":[["                                                                                                    ",{}]],"3":[["                                                                                                    ",{}]],"4":[["                                                                                                    ",{}]],"5":[["                                                                                                    ",{}]],"6":[["                                                                                                    ",{}]],"7":[["                                                                                                    ",{}]],"8":[["                                                                                                    ",{}]],"9":[["                                                                                                    ",{}]],"10":[["                                                                                                    ",{}]],"11":[["                                                                                                    ",{}]],"12":[["                                                                                                    ",{}]],"13":[["                                                                                                    ",{}]],"14":[["                                                                                                    ",{}]],"15":[["                                                                                                    ",{}]],"16":[["                                                                                                    ",{}]],"17":[["                                                                                                    ",{}]],"18":[["                                                                                                    ",{}]],"19":[["                                                                                                    ",{}]],"20":[["                                                                                                    ",{}]],"21":[["                                                                                                    ",{}]],"22":[["                                                                                                    ",{}]],"23":[["                                                                                                    ",{}]],"24":[["                                                                                                    ",{}]],"25":[["                                                                                                    ",{}]],"26":[["                                                                                                    ",{}]],"27":[["                                                                                                    ",{}]],"28":[["                                                                                                    ",{}]],"29":[["                                                                                                    ",{}]],"30":[["                                                                                                    ",{}]],"31":[["                                                                                                    ",{}]],"32":[["                                                                                                    ",{}]],"33":[["                                                                                                    ",{}]],"34":[["                                                                                                    ",{}]],"35":[["                                                                                                    ",{}]],"36":[["                                                                                                    ",{}]]},"cursor":{"x":0,"y":0,"visible":true}}],[0.021009,{"lines":{"0":[["code/stderred",{"fg":4}],[" ",{}],["(cmake",{"fg":3}],["?",{"fg":4}],[")",{"fg":3}],[" ",{}],["%",{"fg":1}],["                                                                            ",{}]]},"cursor":{"x":25}}],[0.96739,{"lines":{"0":[["code/stderred",{"fg":4}],[" ",{}],["(cmake",{"fg":3}],["?",{"fg":4}],[")",{"fg":3}],[" ",{}],["%",{"fg":1}],[" m                                                                          ",{}]]},"cursor":{"x":26}}],[0.105784,{"lines":{"0":[["code/stderred",{"fg":4}],[" ",{}],["(cmake",{"fg":3}],["?",{"fg":4}],[")",{"fg":3}],[" ",{}],["%",{"fg":1}],[" ma                                                                         ",{}]]},"cursor":{"x":27}}],[0.144619,{"lines":{"0":[["code/stderred",{"fg":4}],[" ",{}],["(cmake",{"fg":3}],["?",{"fg":4}],[")",{"fg":3}],[" ",{}],["%",{"fg":1}],[" mak                                                                        ",{}]]},"cursor":{"x":28}}],[0.1238,{"lines":{"0":[["code/stderred",{"fg":4}],[" ",{}],["(cmake",{"fg":3}],["?",{"fg":4}],[")",{"fg":3}],[" ",{}],["%",{"fg":1}],[" make                                                                       ",{}]]},"cursor":{"x":29}}],[1.918284,{"cursor":{"x":0,"y":1}}],[0.012384,{"lines":{"1":[["rm -rf build lib lib64                                                                              ",{}]],"2":[["mkdir build && cd build && cmake .. && make                                                         ",{}]]},"cursor":{"y":3}}],[0.07383000000000001,{"lines":{"3":[["-- The C compiler identification is GNU                                                             ",{}]]},"cursor":{"x":39}}],[0.000241,{"cursor":{"x":0,"y":4}}],[0.070343,{"lines":{"4":[["-- The CXX compiler identification is GNU                                                           ",{}]]},"cursor":{"x":41}}],[0.006926,{"lines":{"5":[["-- Check for working C compiler: /usr/bin/gcc                                                       ",{}]]},"cursor":{"x":0,"y":6}}],[0.077776,{"lines":{"6":[["-- Check for working C compiler: /usr/bin/gcc -- works                                              ",{}]]},"cursor":{"x":54}}],[0.001987,{"lines":{"7":[["-- Detecting C compiler ABI info                                                                    ",{}]]},"cursor":{"x":0,"y":8}}],[0.080028,{"lines":{"8":[["-- Detecting C compiler ABI info - done                                                             ",{}]]},"cursor":{"x":39}}],[0.000248,{"cursor":{"x":0,"y":9}}],[0.027269,{"lines":{"9":[["-- Check for working CXX compiler: /usr/bin/c++                                                     ",{}]]},"cursor":{"x":47}}],[0.000249,{"cursor":{"x":0,"y":10}}],[0.09592299999999999,{"lines":{"10":[["-- Check for working CXX compiler: /usr/bin/c++ -- works                                            ",{}]]},"cursor":{"x":56}}],[0.002218,{"lines":{"11":[["-- Detecting CXX compiler ABI info                                                                  ",{}]]},"cursor":{"x":0,"y":12}}],[0.093374,{"lines":{"12":[["-- Detecting CXX compiler ABI info - done                                                           ",{}]]},"cursor":{"x":41}}],[0.000252,{"cursor":{"x":0,"y":13}}],[0.021972,{"lines":{"13":[["-- Performing Test HAVE_GLIBC                                                                       ",{}]]},"cursor":{"x":29}}],[0.000197,{"cursor":{"x":0,"y":14}}],[0.07785,{"lines":{"14":[["-- Performing Test HAVE_GLIBC - Success                                                             ",{}]]},"cursor":{"y":15}}],[0.0014,{"lines":{"15":[["-- Looking for include files HAVE_ERROR_H                                                           ",{}]]},"cursor":{"y":16}}],[0.083769,{"lines":{"16":[["-- Looking for include files HAVE_ERROR_H - found                                                   ",{}]],"17":[["-- Looking for fwrite_unlocked                                                                      ",{}]]},"cursor":{"y":18}}],[0.072418,{"lines":{"18":[["-- Looking for fwrite_unlocked - found                                                              ",{}]]},"cursor":{"x":38}}],[0.000955,{"lines":{"19":[["-- Looking for fputs_unlocked                                                                       ",{}]]},"cursor":{"x":0,"y":20}}],[0.078648,{"lines":{"20":[["-- Looking for fputs_unlocked - found                                                               ",{}]]},"cursor":{"y":21}}],[0.000514,{"lines":{"21":[["-- Looking for fputc_unlocked                                                                       ",{}]]},"cursor":{"y":22}}],[0.074285,{"lines":{"22":[["-- Looking for fputc_unlocked - found                                                               ",{}]]},"cursor":{"y":23}}],[0.000485,{"lines":{"23":[["-- Looking for fprintf_unlocked                                                                     ",{}]]},"cursor":{"y":24}}],[0.090088,{"lines":{"24":[["-- Looking for fprintf_unlocked - not found                                                         ",{}]]},"cursor":{"x":43}}],[0.0009959999999999999,{"lines":{"25":[["-- Looking for error                                                                                ",{}]]},"cursor":{"x":0,"y":26}}],[0.073974,{"lines":{"26":[["-- Looking for error - found                                                                        ",{}]]},"cursor":{"y":27}}],[0.000477,{"lines":{"27":[["-- Looking for error_at_line                                                                        ",{}]]},"cursor":{"y":28}}],[0.076781,{"lines":{"28":[["-- Looking for error_at_line - found                                                                ",{}]]},"cursor":{"x":36}}],[0.015771,{"lines":{"29":[["-- Configuring done                                                                                 ",{}]]},"cursor":{"x":0,"y":30}}],[0.021819,{"lines":{"30":[["-- Generating done                                                                                  ",{}]]},"cursor":{"y":31}}],[0.01091,{"lines":{"31":[["-- Build files have been written to: /home/kill/Dropbox/code/stderred/build                         ",{}]],"32":[["make[1]: Entering directory `/home/kill/Dropbox/code/stderred/build'                                ",{}]]},"cursor":{"y":33}}],[0.022435,{"lines":{"33":[["make[2]: Entering directory `/home/kill/Dropbox/code/stderred/build'                                ",{}]]},"cursor":{"y":34}}],[0.016005,{"lines":{"0":[["mkdir build && cd build && cmake .. && make                                                         ",{}]],"1":[["-- The C compiler identification is GNU                                                             ",{}]],"2":[["-- The CXX compiler identification is GNU                                                           ",{}]],"3":[["-- Check for working C compiler: /usr/bin/gcc                                                       ",{}]],"4":[["-- Check for working C compiler: /usr/bin/gcc -- works                                              ",{}]],"5":[["-- Detecting C compiler ABI info                                                                    ",{}]],"6":[["-- Detecting C compiler ABI info - done                                                             ",{}]],"7":[["-- Check for working CXX compiler: /usr/bin/c++                                                     ",{}]],"8":[["-- Check for working CXX compiler: /usr/bin/c++ -- works                                            ",{}]],"9":[["-- Detecting CXX compiler ABI info                                                                  ",{}]],"10":[["-- Detecting CXX compiler ABI info - done                                                           ",{}]],"11":[["-- Performing Test HAVE_GLIBC                                                                       ",{}]],"12":[["-- Performing Test HAVE_GLIBC - Success                                                             ",{}]],"13":[["-- Looking for include files HAVE_ERROR_H                                                           ",{}]],"14":[["-- Looking for include files HAVE_ERROR_H - found                                                   ",{}]],"15":[["-- Looking for fwrite_unlocked                                                                      ",{}]],"16":[["-- Looking for fwrite_unlocked - found                                                              ",{}]],"17":[["-- Looking for fputs_unlocked                                                                       ",{}]],"18":[["-- Looking for fputs_unlocked - found                                                               ",{}]],"19":[["-- Looking for fputc_unlocked                                                                       ",{}]],"20":[["-- Looking for fputc_unlocked - found                                                               ",{}]],"21":[["-- Looking for fprintf_unlocked                                                                     ",{}]],"22":[["-- Looking for fprintf_unlocked - not found                                                         ",{}]],"23":[["-- Looking for error                                                                                ",{}]],"24":[["-- Looking for error - found                                                                        ",{}]],"25":[["-- Looking for error_at_line                                                                        ",{}]],"26":[["-- Looking for error_at_line - found                                                                ",{}]],"27":[["-- Configuring done                                                                                 ",{}]],"28":[["-- Generating done                                                                                  ",{}]],"29":[["-- Build files have been written to: /home/kill/Dropbox/code/stderred/build                         ",{}]],"30":[["make[1]: Entering directory `/home/kill/Dropbox/code/stderred/build'                                ",{}]],"31":[["make[2]: Entering directory `/home/kill/Dropbox/code/stderred/build'                                ",{}]],"32":[["make[3]: Entering directory `/home/kill/Dropbox/code/stderred/build'                                ",{}]],"33":[["Scanning dependencies of target stderred",{"fg":5,"bold":true}],["                                                            ",{}]],"34":[["make[3]: Leaving directory `/home/kill/Dropbox/code/stderred/build'                                 ",{}]],"35":[["make[3]: Entering directory `/home/kill/Dropbox/code/stderred/build'                                ",{}]]},"cursor":{"y":36}}],[0.014184,{"lines":{"36":[["[ 25%]                                                                                              ",{}]]},"cursor":{"x":7}}],[0.010721,{"lines":{"0":[["-- The C compiler identification is GNU                                                             ",{}]],"1":[["-- The CXX compiler identification is GNU                                                           ",{}]],"2":[["-- Check for working C compiler: /usr/bin/gcc                                                       ",{}]],"3":[["-- Check for working C compiler: /usr/bin/gcc -- works                                              ",{}]],"4":[["-- Detecting C compiler ABI info                                                                    ",{}]],"5":[["-- Detecting C compiler ABI info - done                                                             ",{}]],"6":[["-- Check for working CXX compiler: /usr/bin/c++                                                     ",{}]],"7":[["-- Check for working CXX compiler: /usr/bin/c++ -- works                                            ",{}]],"8":[["-- Detecting CXX compiler ABI info                                                                  ",{}]],"9":[["-- Detecting CXX compiler ABI info - done                                                           ",{}]],"10":[["-- Performing Test HAVE_GLIBC                                                                       ",{}]],"11":[["-- Performing Test HAVE_GLIBC - Success                                                             ",{}]],"12":[["-- Looking for include files HAVE_ERROR_H                                                           ",{}]],"13":[["-- Looking for include files HAVE_ERROR_H - found                                                   ",{}]],"14":[["-- Looking for fwrite_unlocked                                                                      ",{}]],"15":[["-- Looking for fwrite_unlocked - found                                                              ",{}]],"16":[["-- Looking for fputs_unlocked                                                                       ",{}]],"17":[["-- Looking for fputs_unlocked - found                                                               ",{}]],"18":[["-- Looking for fputc_unlocked                                                                       ",{}]],"19":[["-- Looking for fputc_unlocked - found                                                               ",{}]],"20":[["-- Looking for fprintf_unlocked                                                                     ",{}]],"21":[["-- Looking for fprintf_unlocked - not found                                                         ",{}]],"22":[["-- Looking for error                                                                                ",{}]],"23":[["-- Looking for error - found                                                                        ",{}]],"24":[["-- Looking for error_at_line                                                                        ",{}]],"25":[["-- Looking for error_at_line - found                                                                ",{}]],"26":[["-- Configuring done                                                                                 ",{}]],"27":[["-- Generating done                                                                                  ",{}]],"28":[["-- Build files have been written to: /home/kill/Dropbox/code/stderred/build                         ",{}]],"29":[["make[1]: Entering directory `/home/kill/Dropbox/code/stderred/build'                                ",{}]],"30":[["make[2]: Entering directory `/home/kill/Dropbox/code/stderred/build'                                ",{}]],"31":[["make[3]: Entering directory `/home/kill/Dropbox/code/stderred/build'                                ",{}]],"32":[["Scanning dependencies of target stderred",{"fg":5,"bold":true}],["                                                            ",{}]],"33":[["make[3]: Leaving directory `/home/kill/Dropbox/code/stderred/build'                                 ",{}]],"34":[["make[3]: Entering directory `/home/kill/Dropbox/code/stderred/build'                                ",{}]],"35":[["[ 25%] ",{}],["Building C object CMakeFiles/stderred.dir/stderred.c.o",{"fg":2}],["                                       ",{}]],"36":[["                                                                                                    ",{"fg":2}]]},"cursor":{"x":0}}],[0.068968,{"lines":{"36":[["Linking C shared library libstderred.so",{"fg":1,"bold":true}],["                                                             ",{"fg":2}]]},"cursor":{"x":39}}],[0.000406,{"lines":{"0":[["-- The CXX compiler identification is GNU                                                           ",{}]],"1":[["-- Check for working C compiler: /usr/bin/gcc                                                       ",{}]],"2":[["-- Check for working C compiler: /usr/bin/gcc -- works                                              ",{}]],"3":[["-- Detecting C compiler ABI info                                                                    ",{}]],"4":[["-- Detecting C compiler ABI info - done                                                             ",{}]],"5":[["-- Check for working CXX compiler: /usr/bin/c++                                                     ",{}]],"6":[["-- Check for working CXX compiler: /usr/bin/c++ -- works                                            ",{}]],"7":[["-- Detecting CXX compiler ABI info                                                                  ",{}]],"8":[["-- Detecting CXX compiler ABI info - done                                                           ",{}]],"9":[["-- Performing Test HAVE_GLIBC                                                                       ",{}]],"10":[["-- Performing Test HAVE_GLIBC - Success                                                             ",{}]],"11":[["-- Looking for include files HAVE_ERROR_H                                                           ",{}]],"12":[["-- Looking for include files HAVE_ERROR_H - found                                                   ",{}]],"13":[["-- Looking for fwrite_unlocked                                                                      ",{}]],"14":[["-- Looking for fwrite_unlocked - found                                                              ",{}]],"15":[["-- Looking for fputs_unlocked                                                                       ",{}]],"16":[["-- Looking for fputs_unlocked - found                                                               ",{}]],"17":[["-- Looking for fputc_unlocked                                                                       ",{}]],"18":[["-- Looking for fputc_unlocked - found                                                               ",{}]],"19":[["-- Looking for fprintf_unlocked                                                                     ",{}]],"20":[["-- Looking for fprintf_unlocked - not found                                                         ",{}]],"21":[["-- Looking for error                                                                                ",{}]],"22":[["-- Looking for error - found                                                                        ",{}]],"23":[["-- Looking for error_at_line                                                                        ",{}]],"24":[["-- Looking for error_at_line - found                                                                ",{}]],"25":[["-- Configuring done                                                                                 ",{}]],"26":[["-- Generating done                                                                                  ",{}]],"27":[["-- Build files have been written to: /home/kill/Dropbox/code/stderred/build                         ",{}]],"28":[["make[1]: Entering directory `/home/kill/Dropbox/code/stderred/build'                                ",{}]],"29":[["make[2]: Entering directory `/home/kill/Dropbox/code/stderred/build'                                ",{}]],"30":[["make[3]: Entering directory `/home/kill/Dropbox/code/stderred/build'                                ",{}]],"31":[["Scanning dependencies of target stderred",{"fg":5,"bold":true}],["                                                            ",{}]],"32":[["make[3]: Leaving directory `/home/kill/Dropbox/code/stderred/build'                                 ",{}]],"33":[["make[3]: Entering directory `/home/kill/Dropbox/code/stderred/build'                                ",{}]],"34":[["[ 25%] ",{}],["Building C object CMakeFiles/stderred.dir/stderred.c.o",{"fg":2}],["                                       ",{}]],"35":[["Linking C shared library libstderred.so",{"fg":1,"bold":true}],["                                                             ",{"fg":2}]],"36":[["                                                                                                    ",{"fg":1,"bold":true}]]},"cursor":{"x":0}}],[0.035866,{"lines":{"0":[["-- Check for working C compiler: /usr/bin/gcc                                                       ",{}]],"1":[["-- Check for working C compiler: /usr/bin/gcc -- works                                              ",{}]],"2":[["-- Detecting C compiler ABI info                                                                    ",{}]],"3":[["-- Detecting C compiler ABI info - done                                                             ",{}]],"4":[["-- Check for working CXX compiler: /usr/bin/c++                                                     ",{}]],"5":[["-- Check for working CXX compiler: /usr/bin/c++ -- works                                            ",{}]],"6":[["-- Detecting CXX compiler ABI info                                                                  ",{}]],"7":[["-- Detecting CXX compiler ABI info - done                                                           ",{}]],"8":[["-- Performing Test HAVE_GLIBC                                                                       ",{}]],"9":[["-- Performing Test HAVE_GLIBC - Success                                                             ",{}]],"10":[["-- Looking for include files HAVE_ERROR_H                                                           ",{}]],"11":[["-- Looking for include files HAVE_ERROR_H - found                                                   ",{}]],"12":[["-- Looking for fwrite_unlocked                                                                      ",{}]],"13":[["-- Looking for fwrite_unlocked - found                                                              ",{}]],"14":[["-- Looking for fputs_unlocked                                                                       ",{}]],"15":[["-- Looking for fputs_unlocked - found                                                               ",{}]],"16":[["-- Looking for fputc_unlocked                                                                       ",{}]],"17":[["-- Looking for fputc_unlocked - found                                                               ",{}]],"18":[["-- Looking for fprintf_unlocked                                                                     ",{}]],"19":[["-- Looking for fprintf_unlocked - not found                                                         ",{}]],"20":[["-- Looking for error                                                                                ",{}]],"21":[["-- Looking for error - found                                                                        ",{}]],"22":[["-- Looking for error_at_line                                                                        ",{}]],"23":[["-- Looking for error_at_line - found                                                                ",{}]],"24":[["-- Configuring done                                                                                 ",{}]],"25":[["-- Generating done                                                                                  ",{}]],"26":[["-- Build files have been written to: /home/kill/Dropbox/code/stderred/build                         ",{}]],"27":[["make[1]: Entering directory `/home/kill/Dropbox/code/stderred/build'                                ",{}]],"28":[["make[2]: Entering directory `/home/kill/Dropbox/code/stderred/build'                                ",{}]],"29":[["make[3]: Entering directory `/home/kill/Dropbox/code/stderred/build'                                ",{}]],"30":[["Scanning dependencies of target stderred",{"fg":5,"bold":true}],["                                                            ",{}]],"31":[["make[3]: Leaving directory `/home/kill/Dropbox/code/stderred/build'                                 ",{}]],"32":[["make[3]: Entering directory `/home/kill/Dropbox/code/stderred/build'                                ",{}]],"33":[["[ 25%] ",{}],["Building C object CMakeFiles/stderred.dir/stderred.c.o",{"fg":2}],["                                       ",{}]],"34":[["Linking C shared library libstderred.so",{"fg":1,"bold":true}],["                                                             ",{"fg":2}]],"35":[["make[3]: Leaving directory `/home/kill/Dropbox/code/stderred/build'",{}],["                                 ",{"fg":1,"bold":true}]],"36":[["                                                                                                    ",{}]]}}],[0.009518,{"lines":{"0":[["-- Detecting C compiler ABI info                                                                    ",{}]],"1":[["-- Detecting C compiler ABI info - done                                                             ",{}]],"2":[["-- Check for working CXX compiler: /usr/bin/c++                                                     ",{}]],"3":[["-- Check for working CXX compiler: /usr/bin/c++ -- works                                            ",{}]],"4":[["-- Detecting CXX compiler ABI info                                                                  ",{}]],"5":[["-- Detecting CXX compiler ABI info - done                                                           ",{}]],"6":[["-- Performing Test HAVE_GLIBC                                                                       ",{}]],"7":[["-- Performing Test HAVE_GLIBC - Success                                                             ",{}]],"8":[["-- Looking for include files HAVE_ERROR_H                                                           ",{}]],"9":[["-- Looking for include files HAVE_ERROR_H - found                                                   ",{}]],"10":[["-- Looking for fwrite_unlocked                                                                      ",{}]],"11":[["-- Looking for fwrite_unlocked - found                                                              ",{}]],"12":[["-- Looking for fputs_unlocked                                                                       ",{}]],"13":[["-- Looking for fputs_unlocked - found                                                               ",{}]],"14":[["-- Looking for fputc_unlocked                                                                       ",{}]],"15":[["-- Looking for fputc_unlocked - found                                                               ",{}]],"16":[["-- Looking for fprintf_unlocked                                                                     ",{}]],"17":[["-- Looking for fprintf_unlocked - not found                                                         ",{}]],"18":[["-- Looking for error                                                                                ",{}]],"19":[["-- Looking for error - found                                                                        ",{}]],"20":[["-- Looking for error_at_line                                                                        ",{}]],"21":[["-- Looking for error_at_line - found                                                                ",{}]],"22":[["-- Configuring done                                                                                 ",{}]],"23":[["-- Generating done                                                                                  ",{}]],"24":[["-- Build files have been written to: /home/kill/Dropbox/code/stderred/build                         ",{}]],"25":[["make[1]: Entering directory `/home/kill/Dropbox/code/stderred/build'                                ",{}]],"26":[["make[2]: Entering directory `/home/kill/Dropbox/code/stderred/build'                                ",{}]],"27":[["make[3]: Entering directory `/home/kill/Dropbox/code/stderred/build'                                ",{}]],"28":[["Scanning dependencies of target stderred",{"fg":5,"bold":true}],["                                                            ",{}]],"29":[["make[3]: Leaving directory `/home/kill/Dropbox/code/stderred/build'                                 ",{}]],"30":[["make[3]: Entering directory `/home/kill/Dropbox/code/stderred/build'                                ",{}]],"31":[["[ 25%] ",{}],["Building C object CMakeFiles/stderred.dir/stderred.c.o",{"fg":2}],["                                       ",{}]],"32":[["Linking C shared library libstderred.so",{"fg":1,"bold":true}],["                                                             ",{"fg":2}]],"33":[["make[3]: Leaving directory `/home/kill/Dropbox/code/stderred/build'",{}],["                                 ",{"fg":1,"bold":true}]],"34":[["[ 25%] Built target stderred                                                                        ",{}]],"35":[["make[3]: Entering directory `/home/kill/Dropbox/code/stderred/build'                                ",{}]]}}],[0.013384,{"lines":{"0":[["-- Check for working CXX compiler: /usr/bin/c++ -- works                                            ",{}]],"1":[["-- Detecting CXX compiler ABI info                                                                  ",{}]],"2":[["-- Detecting CXX compiler ABI info - done                                                           ",{}]],"3":[["-- Performing Test HAVE_GLIBC                                                                       ",{}]],"4":[["-- Performing Test HAVE_GLIBC - Success                                                             ",{}]],"5":[["-- Looking for include files HAVE_ERROR_H                                                           ",{}]],"6":[["-- Looking for include files HAVE_ERROR_H - found                                                   ",{}]],"7":[["-- Looking for fwrite_unlocked                                                                      ",{}]],"8":[["-- Looking for fwrite_unlocked - found                                                              ",{}]],"9":[["-- Looking for fputs_unlocked                                                                       ",{}]],"10":[["-- Looking for fputs_unlocked - found                                                               ",{}]],"11":[["-- Looking for fputc_unlocked                                                                       ",{}]],"12":[["-- Looking for fputc_unlocked - found                                                               ",{}]],"13":[["-- Looking for fprintf_unlocked                                                                     ",{}]],"14":[["-- Looking for fprintf_unlocked - not found                                                         ",{}]],"15":[["-- Looking for error                                                                                ",{}]],"16":[["-- Looking for error - found                                                                        ",{}]],"17":[["-- Looking for error_at_line                                                                        ",{}]],"18":[["-- Looking for error_at_line - found                                                                ",{}]],"19":[["-- Configuring done                                                                                 ",{}]],"20":[["-- Generating done                                                                                  ",{}]],"21":[["-- Build files have been written to: /home/kill/Dropbox/code/stderred/build                         ",{}]],"22":[["make[1]: Entering directory `/home/kill/Dropbox/code/stderred/build'                                ",{}]],"23":[["make[2]: Entering directory `/home/kill/Dropbox/code/stderred/build'                                ",{}]],"24":[["make[3]: Entering directory `/home/kill/Dropbox/code/stderred/build'                                ",{}]],"25":[["Scanning dependencies of target stderred",{"fg":5,"bold":true}],["                                                            ",{}]],"26":[["make[3]: Leaving directory `/home/kill/Dropbox/code/stderred/build'                                 ",{}]],"28":[["[ 25%] ",{}],["Building C object CMakeFiles/stderred.dir/stderred.c.o",{"fg":2}],["                                       ",{}]],"29":[["Linking C shared library libstderred.so",{"fg":1,"bold":true}],["                                                             ",{"fg":2}]],"30":[["make[3]: Leaving directory `/home/kill/Dropbox/code/stderred/build'",{}],["                                 ",{"fg":1,"bold":true}]],"31":[["[ 25%] Built target stderred                                                                        ",{}]],"32":[["make[3]: Entering directory `/home/kill/Dropbox/code/stderred/build'                                ",{}]],"33":[["Scanning dependencies of target test_runner",{"fg":5,"bold":true}],["                                                         ",{}]],"34":[["make[3]: Leaving directory `/home/kill/Dropbox/code/stderred/build'",{}],["                                 ",{"fg":5,"bold":true}]]}}],[0.014769,{"lines":{"0":[["-- Detecting CXX compiler ABI info                                                                  ",{}]],"1":[["-- Detecting CXX compiler ABI info - done                                                           ",{}]],"2":[["-- Performing Test HAVE_GLIBC                                                                       ",{}]],"3":[["-- Performing Test HAVE_GLIBC - Success                                                             ",{}]],"4":[["-- Looking for include files HAVE_ERROR_H                                                           ",{}]],"5":[["-- Looking for include files HAVE_ERROR_H - found                                                   ",{}]],"6":[["-- Looking for fwrite_unlocked                                                                      ",{}]],"7":[["-- Looking for fwrite_unlocked - found                                                              ",{}]],"8":[["-- Looking for fputs_unlocked                                                                       ",{}]],"9":[["-- Looking for fputs_unlocked - found                                                               ",{}]],"10":[["-- Looking for fputc_unlocked                                                                       ",{}]],"11":[["-- Looking for fputc_unlocked - found                                                               ",{}]],"12":[["-- Looking for fprintf_unlocked                                                                     ",{}]],"13":[["-- Looking for fprintf_unlocked - not found                                                         ",{}]],"14":[["-- Looking for error                                                                                ",{}]],"15":[["-- Looking for error - found                                                                        ",{}]],"16":[["-- Looking for error_at_line                                                                        ",{}]],"17":[["-- Looking for error_at_line - found                                                                ",{}]],"18":[["-- Configuring done                                                                                 ",{}]],"19":[["-- Generating done                                                                                  ",{}]],"20":[["-- Build files have been written to: /home/kill/Dropbox/code/stderred/build                         ",{}]],"21":[["make[1]: Entering directory `/home/kill/Dropbox/code/stderred/build'                                ",{}]],"22":[["make[2]: Entering directory `/home/kill/Dropbox/code/stderred/build'                                ",{}]],"23":[["make[3]: Entering directory `/home/kill/Dropbox/code/stderred/build'                                ",{}]],"24":[["Scanning dependencies of target stderred",{"fg":5,"bold":true}],["                                                            ",{}]],"25":[["make[3]: Leaving directory `/home/kill/Dropbox/code/stderred/build'                                 ",{}]],"26":[["make[3]: Entering directory `/home/kill/Dropbox/code/stderred/build'                                ",{}]],"27":[["[ 25%] ",{}],["Building C object CMakeFiles/stderred.dir/stderred.c.o",{"fg":2}],["                                       ",{}]],"28":[["Linking C shared library libstderred.so",{"fg":1,"bold":true}],["                                                             ",{"fg":2}]],"29":[["make[3]: Leaving directory `/home/kill/Dropbox/code/stderred/build'",{}],["                                 ",{"fg":1,"bold":true}]],"30":[["[ 25%] Built target stderred                                                                        ",{}]],"31":[["make[3]: Entering directory `/home/kill/Dropbox/code/stderred/build'                                ",{}]],"32":[["Scanning dependencies of target test_runner",{"fg":5,"bold":true}],["                                                         ",{}]],"33":[["make[3]: Leaving directory `/home/kill/Dropbox/code/stderred/build'",{}],["                                 ",{"fg":5,"bold":true}]],"34":[["make[3]: Entering directory `/home/kill/Dropbox/code/stderred/build'                                ",{}]],"35":[["[ 50%] ",{}],["Building C object CMakeFiles/test_runner.dir/test.c.o",{"fg":2}],["                                        ",{}]],"36":[["                                                                                                    ",{"fg":2}]]}}],[0.047966,{"lines":{"0":[["-- Detecting CXX compiler ABI info - done                                                           ",{}]],"1":[["-- Performing Test HAVE_GLIBC                                                                       ",{}]],"2":[["-- Performing Test HAVE_GLIBC - Success                                                             ",{}]],"3":[["-- Looking for include files HAVE_ERROR_H                                                           ",{}]],"4":[["-- Looking for include files HAVE_ERROR_H - found                                                   ",{}]],"5":[["-- Looking for fwrite_unlocked                                                                      ",{}]],"6":[["-- Looking for fwrite_unlocked - found                                                              ",{}]],"7":[["-- Looking for fputs_unlocked                                                                       ",{}]],"8":[["-- Looking for fputs_unlocked - found                                                               ",{}]],"9":[["-- Looking for fputc_unlocked                                                                       ",{}]],"10":[["-- Looking for fputc_unlocked - found                                                               ",{}]],"11":[["-- Looking for fprintf_unlocked                                                                     ",{}]],"12":[["-- Looking for fprintf_unlocked - not found                                                         ",{}]],"13":[["-- Looking for error                                                                                ",{}]],"14":[["-- Looking for error - found                                                                        ",{}]],"15":[["-- Looking for error_at_line                                                                        ",{}]],"16":[["-- Looking for error_at_line - found                                                                ",{}]],"17":[["-- Configuring done                                                                                 ",{}]],"18":[["-- Generating done                                                                                  ",{}]],"19":[["-- Build files have been written to: /home/kill/Dropbox/code/stderred/build                         ",{}]],"20":[["make[1]: Entering directory `/home/kill/Dropbox/code/stderred/build'                                ",{}]],"21":[["make[2]: Entering directory `/home/kill/Dropbox/code/stderred/build'                                ",{}]],"22":[["make[3]: Entering directory `/home/kill/Dropbox/code/stderred/build'                                ",{}]],"23":[["Scanning dependencies of target stderred",{"fg":5,"bold":true}],["                                                            ",{}]],"24":[["make[3]: Leaving directory `/home/kill/Dropbox/code/stderred/build'                                 ",{}]],"25":[["make[3]: Entering directory `/home/kill/Dropbox/code/stderred/build'                                ",{}]],"26":[["[ 25%] ",{}],["Building C object CMakeFiles/stderred.dir/stderred.c.o",{"fg":2}],["                                       ",{}]],"27":[["Linking C shared library libstderred.so",{"fg":1,"bold":true}],["                                                             ",{"fg":2}]],"28":[["make[3]: Leaving directory `/home/kill/Dropbox/code/stderred/build'",{}],["                                 ",{"fg":1,"bold":true}]],"29":[["[ 25%] Built target stderred                                                                        ",{}]],"30":[["make[3]: Entering directory `/home/kill/Dropbox/code/stderred/build'                                ",{}]],"31":[["Scanning dependencies of target test_runner",{"fg":5,"bold":true}],["                                                         ",{}]],"32":[["make[3]: Leaving directory `/home/kill/Dropbox/code/stderred/build'",{}],["                                 ",{"fg":5,"bold":true}]],"33":[["make[3]: Entering directory `/home/kill/Dropbox/code/stderred/build'                                ",{}]],"34":[["[ 50%] ",{}],["Building C object CMakeFiles/test_runner.dir/test.c.o",{"fg":2}],["                                        ",{}]],"35":[["Linking C executable test_runner",{"fg":1,"bold":true}],["                                                                    ",{"fg":2}]],"36":[["                                                                                                    ",{"fg":1,"bold":true}]]}}],[0.032888,{"lines":{"0":[["-- Performing Test HAVE_GLIBC                                                                       ",{}]],"1":[["-- Performing Test HAVE_GLIBC - Success                                                             ",{}]],"2":[["-- Looking for include files HAVE_ERROR_H                                                           ",{}]],"3":[["-- Looking for include files HAVE_ERROR_H - found                                                   ",{}]],"4":[["-- Looking for fwrite_unlocked                                                                      ",{}]],"5":[["-- Looking for fwrite_unlocked - found                                                              ",{}]],"6":[["-- Looking for fputs_unlocked                                                                       ",{}]],"7":[["-- Looking for fputs_unlocked - found                                                               ",{}]],"8":[["-- Looking for fputc_unlocked                                                                       ",{}]],"9":[["-- Looking for fputc_unlocked - found                                                               ",{}]],"10":[["-- Looking for fprintf_unlocked                                                                     ",{}]],"11":[["-- Looking for fprintf_unlocked - not found                                                         ",{}]],"12":[["-- Looking for error                                                                                ",{}]],"13":[["-- Looking for error - found                                                                        ",{}]],"14":[["-- Looking for error_at_line                                                                        ",{}]],"15":[["-- Looking for error_at_line - found                                                                ",{}]],"16":[["-- Configuring done                                                                                 ",{}]],"17":[["-- Generating done                                                                                  ",{}]],"18":[["-- Build files have been written to: /home/kill/Dropbox/code/stderred/build                         ",{}]],"19":[["make[1]: Entering directory `/home/kill/Dropbox/code/stderred/build'                                ",{}]],"20":[["make[2]: Entering directory `/home/kill/Dropbox/code/stderred/build'                                ",{}]],"21":[["make[3]: Entering directory `/home/kill/Dropbox/code/stderred/build'                                ",{}]],"22":[["Scanning dependencies of target stderred",{"fg":5,"bold":true}],["                                                            ",{}]],"23":[["make[3]: Leaving directory `/home/kill/Dropbox/code/stderred/build'                                 ",{}]],"24":[["make[3]: Entering directory `/home/kill/Dropbox/code/stderred/build'                                ",{}]],"25":[["[ 25%] ",{}],["Building C object CMakeFiles/stderred.dir/stderred.c.o",{"fg":2}],["                                       ",{}]],"26":[["Linking C shared library libstderred.so",{"fg":1,"bold":true}],["                                                             ",{"fg":2}]],"27":[["make[3]: Leaving directory `/home/kill/Dropbox/code/stderred/build'",{}],["                                 ",{"fg":1,"bold":true}]],"28":[["[ 25%] Built target stderred                                                                        ",{}]],"29":[["make[3]: Entering directory `/home/kill/Dropbox/code/stderred/build'                                ",{}]],"30":[["Scanning dependencies of target test_runner",{"fg":5,"bold":true}],["                                                         ",{}]],"31":[["make[3]: Leaving directory `/home/kill/Dropbox/code/stderred/build'",{}],["                                 ",{"fg":5,"bold":true}]],"32":[["make[3]: Entering directory `/home/kill/Dropbox/code/stderred/build'                                ",{}]],"33":[["[ 50%] ",{}],["Building C object CMakeFiles/test_runner.dir/test.c.o",{"fg":2}],["                                        ",{}]],"34":[["Linking C executable test_runner",{"fg":1,"bold":true}],["                                                                    ",{"fg":2}]],"35":[["make[3]: Leaving directory `/home/kill/Dropbox/code/stderred/build'",{}],["                                 ",{"fg":1,"bold":true}]],"36":[["                                                                                                    ",{}]]}}],[0.016541,{"lines":{"0":[["-- Looking for include files HAVE_ERROR_H - found                                                   ",{}]],"1":[["-- Looking for fwrite_unlocked                                                                      ",{}]],"2":[["-- Looking for fwrite_unlocked - found                                                              ",{}]],"3":[["-- Looking for fputs_unlocked                                                                       ",{}]],"4":[["-- Looking for fputs_unlocked - found                                                               ",{}]],"5":[["-- Looking for fputc_unlocked                                                                       ",{}]],"6":[["-- Looking for fputc_unlocked - found                                                               ",{}]],"7":[["-- Looking for fprintf_unlocked                                                                     ",{}]],"8":[["-- Looking for fprintf_unlocked - not found                                                         ",{}]],"9":[["-- Looking for error                                                                                ",{}]],"10":[["-- Looking for error - found                                                                        ",{}]],"11":[["-- Looking for error_at_line                                                                        ",{}]],"12":[["-- Looking for error_at_line - found                                                                ",{}]],"13":[["-- Configuring done                                                                                 ",{}]],"14":[["-- Generating done                                                                                  ",{}]],"15":[["-- Build files have been written to: /home/kill/Dropbox/code/stderred/build                         ",{}]],"16":[["make[1]: Entering directory `/home/kill/Dropbox/code/stderred/build'                                ",{}]],"17":[["make[2]: Entering directory `/home/kill/Dropbox/code/stderred/build'                                ",{}]],"18":[["make[3]: Entering directory `/home/kill/Dropbox/code/stderred/build'                                ",{}]],"19":[["Scanning dependencies of target stderred",{"fg":5,"bold":true}],["                                                            ",{}]],"20":[["make[3]: Leaving directory `/home/kill/Dropbox/code/stderred/build'                                 ",{}]],"22":[["[ 25%] ",{}],["Building C object CMakeFiles/stderred.dir/stderred.c.o",{"fg":2}],["                                       ",{}]],"23":[["Linking C shared library libstderred.so",{"fg":1,"bold":true}],["                                                             ",{"fg":2}]],"24":[["make[3]: Leaving directory `/home/kill/Dropbox/code/stderred/build'",{}],["                                 ",{"fg":1,"bold":true}]],"25":[["[ 25%] Built target stderred                                                                        ",{}]],"26":[["make[3]: Entering directory `/home/kill/Dropbox/code/stderred/build'                                ",{}]],"27":[["Scanning dependencies of target test_runner",{"fg":5,"bold":true}],["                                                         ",{}]],"28":[["make[3]: Leaving directory `/home/kill/Dropbox/code/stderred/build'",{}],["                                 ",{"fg":5,"bold":true}]],"30":[["[ 50%] ",{}],["Building C object CMakeFiles/test_runner.dir/test.c.o",{"fg":2}],["                                        ",{}]],"31":[["Linking C executable test_runner",{"fg":1,"bold":true}],["                                                                    ",{"fg":2}]],"32":[["make[3]: Leaving directory `/home/kill/Dropbox/code/stderred/build'",{}],["                                 ",{"fg":1,"bold":true}]],"33":[["[ 50%] Built target test_runner                                                                     ",{}]],"34":[["make[3]: Entering directory `/home/kill/Dropbox/code/stderred/build'                                ",{}]],"35":[["Scanning dependencies of target test_stderred",{"fg":5,"bold":true}],["                                                       ",{}]],"36":[["                                                                                                    ",{"fg":5,"bold":true}]]}}],[0.01178,{"lines":{"0":[["-- Looking for fwrite_unlocked - found                                                              ",{}]],"1":[["-- Looking for fputs_unlocked                                                                       ",{}]],"2":[["-- Looking for fputs_unlocked - found                                                               ",{}]],"3":[["-- Looking for fputc_unlocked                                                                       ",{}]],"4":[["-- Looking for fputc_unlocked - found                                                               ",{}]],"5":[["-- Looking for fprintf_unlocked                                                                     ",{}]],"6":[["-- Looking for fprintf_unlocked - not found                                                         ",{}]],"7":[["-- Looking for error                                                                                ",{}]],"8":[["-- Looking for error - found                                                                        ",{}]],"9":[["-- Looking for error_at_line                                                                        ",{}]],"10":[["-- Looking for error_at_line - found                                                                ",{}]],"11":[["-- Configuring done                                                                                 ",{}]],"12":[["-- Generating done                                                                                  ",{}]],"13":[["-- Build files have been written to: /home/kill/Dropbox/code/stderred/build                         ",{}]],"14":[["make[1]: Entering directory `/home/kill/Dropbox/code/stderred/build'                                ",{}]],"15":[["make[2]: Entering directory `/home/kill/Dropbox/code/stderred/build'                                ",{}]],"16":[["make[3]: Entering directory `/home/kill/Dropbox/code/stderred/build'                                ",{}]],"17":[["Scanning dependencies of target stderred",{"fg":5,"bold":true}],["                                                            ",{}]],"18":[["make[3]: Leaving directory `/home/kill/Dropbox/code/stderred/build'                                 ",{}]],"19":[["make[3]: Entering directory `/home/kill/Dropbox/code/stderred/build'                                ",{}]],"20":[["[ 25%] ",{}],["Building C object CMakeFiles/stderred.dir/stderred.c.o",{"fg":2}],["                                       ",{}]],"21":[["Linking C shared library libstderred.so",{"fg":1,"bold":true}],["                                                             ",{"fg":2}]],"22":[["make[3]: Leaving directory `/home/kill/Dropbox/code/stderred/build'",{}],["                                 ",{"fg":1,"bold":true}]],"23":[["[ 25%] Built target stderred                                                                        ",{}]],"24":[["make[3]: Entering directory `/home/kill/Dropbox/code/stderred/build'                                ",{}]],"25":[["Scanning dependencies of target test_runner",{"fg":5,"bold":true}],["                                                         ",{}]],"26":[["make[3]: Leaving directory `/home/kill/Dropbox/code/stderred/build'",{}],["                                 ",{"fg":5,"bold":true}]],"27":[["make[3]: Entering directory `/home/kill/Dropbox/code/stderred/build'                                ",{}]],"28":[["[ 50%] ",{}],["Building C object CMakeFiles/test_runner.dir/test.c.o",{"fg":2}],["                                        ",{}]],"29":[["Linking C executable test_runner",{"fg":1,"bold":true}],["                                                                    ",{"fg":2}]],"30":[["make[3]: Leaving directory `/home/kill/Dropbox/code/stderred/build'",{}],["                                 ",{"fg":1,"bold":true}]],"31":[["[ 50%] Built target test_runner                                                                     ",{}]],"32":[["make[3]: Entering directory `/home/kill/Dropbox/code/stderred/build'                                ",{}]],"33":[["Scanning dependencies of target test_stderred",{"fg":5,"bold":true}],["                                                       ",{}]],"34":[["make[3]: Leaving directory `/home/kill/Dropbox/code/stderred/build'",{}],["                                 ",{"fg":5,"bold":true}]],"35":[["make[3]: Entering directory `/home/kill/Dropbox/code/stderred/build'                                ",{}]],"36":[["[ 75%]                                                                                              ",{}]]},"cursor":{"x":7}}],[0.007835,{"lines":{"0":[["-- Looking for fputs_unlocked                                                                       ",{}]],"1":[["-- Looking for fputs_unlocked - found                                                               ",{}]],"2":[["-- Looking for fputc_unlocked                                                                       ",{}]],"3":[["-- Looking for fputc_unlocked - found                                                               ",{}]],"4":[["-- Looking for fprintf_unlocked                                                                     ",{}]],"5":[["-- Looking for fprintf_unlocked - not found                                                         ",{}]],"6":[["-- Looking for error                                                                                ",{}]],"7":[["-- Looking for error - found                                                                        ",{}]],"8":[["-- Looking for error_at_line                                                                        ",{}]],"9":[["-- Looking for error_at_line - found                                                                ",{}]],"10":[["-- Configuring done                                                                                 ",{}]],"11":[["-- Generating done                                                                                  ",{}]],"12":[["-- Build files have been written to: /home/kill/Dropbox/code/stderred/build                         ",{}]],"13":[["make[1]: Entering directory `/home/kill/Dropbox/code/stderred/build'                                ",{}]],"14":[["make[2]: Entering directory `/home/kill/Dropbox/code/stderred/build'                                ",{}]],"15":[["make[3]: Entering directory `/home/kill/Dropbox/code/stderred/build'                                ",{}]],"16":[["Scanning dependencies of target stderred",{"fg":5,"bold":true}],["                                                            ",{}]],"17":[["make[3]: Leaving directory `/home/kill/Dropbox/code/stderred/build'                                 ",{}]],"18":[["make[3]: Entering directory `/home/kill/Dropbox/code/stderred/build'                                ",{}]],"19":[["[ 25%] ",{}],["Building C object CMakeFiles/stderred.dir/stderred.c.o",{"fg":2}],["                                       ",{}]],"20":[["Linking C shared library libstderred.so",{"fg":1,"bold":true}],["                                                             ",{"fg":2}]],"21":[["make[3]: Leaving directory `/home/kill/Dropbox/code/stderred/build'",{}],["                                 ",{"fg":1,"bold":true}]],"22":[["[ 25%] Built target stderred                                                                        ",{}]],"23":[["make[3]: Entering directory `/home/kill/Dropbox/code/stderred/build'                                ",{}]],"24":[["Scanning dependencies of target test_runner",{"fg":5,"bold":true}],["                                                         ",{}]],"25":[["make[3]: Leaving directory `/home/kill/Dropbox/code/stderred/build'",{}],["                                 ",{"fg":5,"bold":true}]],"26":[["make[3]: Entering directory `/home/kill/Dropbox/code/stderred/build'                                ",{}]],"27":[["[ 50%] ",{}],["Building C object CMakeFiles/test_runner.dir/test.c.o",{"fg":2}],["                                        ",{}]],"28":[["Linking C executable test_runner",{"fg":1,"bold":true}],["                                                                    ",{"fg":2}]],"29":[["make[3]: Leaving directory `/home/kill/Dropbox/code/stderred/build'",{}],["                                 ",{"fg":1,"bold":true}]],"30":[["[ 50%] Built target test_runner                                                                     ",{}]],"31":[["make[3]: Entering directory `/home/kill/Dropbox/code/stderred/build'                                ",{}]],"32":[["Scanning dependencies of target test_stderred",{"fg":5,"bold":true}],["                                                       ",{}]],"33":[["make[3]: Leaving directory `/home/kill/Dropbox/code/stderred/build'",{}],["                                 ",{"fg":5,"bold":true}]],"34":[["make[3]: Entering directory `/home/kill/Dropbox/code/stderred/build'                                ",{}]],"35":[["[ 75%] ",{}],["Building C object CMakeFiles/test_stderred.dir/test_tty.c.o",{"fg":2}],["                                  ",{}]],"36":[["                                                                                                    ",{"fg":2}]]},"cursor":{"x":0}}],[0.030482,{"lines":{"36":[["[100%] ",{}],["                                                                                             ",{"fg":2}]]},"cursor":{"x":7}}],[0.011425,{"lines":{"0":[["-- Looking for fputs_unlocked - found                                                               ",{}]],"1":[["-- Looking for fputc_unlocked                                                                       ",{}]],"2":[["-- Looking for fputc_unlocked - found                                                               ",{}]],"3":[["-- Looking for fprintf_unlocked                                                                     ",{}]],"4":[["-- Looking for fprintf_unlocked - not found                                                         ",{}]],"5":[["-- Looking for error                                                                                ",{}]],"6":[["-- Looking for error - found                                                                        ",{}]],"7":[["-- Looking for error_at_line                                                                        ",{}]],"8":[["-- Looking for error_at_line - found                                                                ",{}]],"9":[["-- Configuring done                                                                                 ",{}]],"10":[["-- Generating done                                                                                  ",{}]],"11":[["-- Build files have been written to: /home/kill/Dropbox/code/stderred/build                         ",{}]],"12":[["make[1]: Entering directory `/home/kill/Dropbox/code/stderred/build'                                ",{}]],"13":[["make[2]: Entering directory `/home/kill/Dropbox/code/stderred/build'                                ",{}]],"14":[["make[3]: Entering directory `/home/kill/Dropbox/code/stderred/build'                                ",{}]],"15":[["Scanning dependencies of target stderred",{"fg":5,"bold":true}],["                                                            ",{}]],"16":[["make[3]: Leaving directory `/home/kill/Dropbox/code/stderred/build'                                 ",{}]],"17":[["make[3]: Entering directory `/home/kill/Dropbox/code/stderred/build'                                ",{}]],"18":[["[ 25%] ",{}],["Building C object CMakeFiles/stderred.dir/stderred.c.o",{"fg":2}],["                                       ",{}]],"19":[["Linking C shared library libstderred.so",{"fg":1,"bold":true}],["                                                             ",{"fg":2}]],"20":[["make[3]: Leaving directory `/home/kill/Dropbox/code/stderred/build'",{}],["                                 ",{"fg":1,"bold":true}]],"21":[["[ 25%] Built target stderred                                                                        ",{}]],"22":[["make[3]: Entering directory `/home/kill/Dropbox/code/stderred/build'                                ",{}]],"23":[["Scanning dependencies of target test_runner",{"fg":5,"bold":true}],["                                                         ",{}]],"24":[["make[3]: Leaving directory `/home/kill/Dropbox/code/stderred/build'",{}],["                                 ",{"fg":5,"bold":true}]],"25":[["make[3]: Entering directory `/home/kill/Dropbox/code/stderred/build'                                ",{}]],"26":[["[ 50%] ",{}],["Building C object CMakeFiles/test_runner.dir/test.c.o",{"fg":2}],["                                        ",{}]],"27":[["Linking C executable test_runner",{"fg":1,"bold":true}],["                                                                    ",{"fg":2}]],"28":[["make[3]: Leaving directory `/home/kill/Dropbox/code/stderred/build'",{}],["                                 ",{"fg":1,"bold":true}]],"29":[["[ 50%] Built target test_runner                                                                     ",{}]],"30":[["make[3]: Entering directory `/home/kill/Dropbox/code/stderred/build'                                ",{}]],"31":[["Scanning dependencies of target test_stderred",{"fg":5,"bold":true}],["                                                       ",{}]],"32":[["make[3]: Leaving directory `/home/kill/Dropbox/code/stderred/build'",{}],["                                 ",{"fg":5,"bold":true}]],"33":[["make[3]: Entering directory `/home/kill/Dropbox/code/stderred/build'                                ",{}]],"34":[["[ 75%] ",{}],["Building C object CMakeFiles/test_stderred.dir/test_tty.c.o",{"fg":2}],["                                  ",{}]],"35":[["[100%] ",{}],["Building C object CMakeFiles/test_stderred.dir/stderred.c.o                                  ",{"fg":2}]],"36":[["                                                                                                    ",{"fg":2}]]},"cursor":{"x":0}}],[0.07202799999999999,{"lines":{"0":[["-- Looking for fputc_unlocked                                                                       ",{}]],"1":[["-- Looking for fputc_unlocked - found                                                               ",{}]],"2":[["-- Looking for fprintf_unlocked                                                                     ",{}]],"3":[["-- Looking for fprintf_unlocked - not found                                                         ",{}]],"4":[["-- Looking for error                                                                                ",{}]],"5":[["-- Looking for error - found                                                                        ",{}]],"6":[["-- Looking for error_at_line                                                                        ",{}]],"7":[["-- Looking for error_at_line - found                                                                ",{}]],"8":[["-- Configuring done                                                                                 ",{}]],"9":[["-- Generating done                                                                                  ",{}]],"10":[["-- Build files have been written to: /home/kill/Dropbox/code/stderred/build                         ",{}]],"11":[["make[1]: Entering directory `/home/kill/Dropbox/code/stderred/build'                                ",{}]],"12":[["make[2]: Entering directory `/home/kill/Dropbox/code/stderred/build'                                ",{}]],"13":[["make[3]: Entering directory `/home/kill/Dropbox/code/stderred/build'                                ",{}]],"14":[["Scanning dependencies of target stderred",{"fg":5,"bold":true}],["                                                            ",{}]],"15":[["make[3]: Leaving directory `/home/kill/Dropbox/code/stderred/build'                                 ",{}]],"16":[["make[3]: Entering directory `/home/kill/Dropbox/code/stderred/build'                                ",{}]],"17":[["[ 25%] ",{}],["Building C object CMakeFiles/stderred.dir/stderred.c.o",{"fg":2}],["                                       ",{}]],"18":[["Linking C shared library libstderred.so",{"fg":1,"bold":true}],["                                                             ",{"fg":2}]],"19":[["make[3]: Leaving directory `/home/kill/Dropbox/code/stderred/build'",{}],["                                 ",{"fg":1,"bold":true}]],"20":[["[ 25%] Built target stderred                                                                        ",{}]],"21":[["make[3]: Entering directory `/home/kill/Dropbox/code/stderred/build'                                ",{}]],"22":[["Scanning dependencies of target test_runner",{"fg":5,"bold":true}],["                                                         ",{}]],"23":[["make[3]: Leaving directory `/home/kill/Dropbox/code/stderred/build'",{}],["                                 ",{"fg":5,"bold":true}]],"24":[["make[3]: Entering directory `/home/kill/Dropbox/code/stderred/build'                                ",{}]],"25":[["[ 50%] ",{}],["Building C object CMakeFiles/test_runner.dir/test.c.o",{"fg":2}],["                                        ",{}]],"26":[["Linking C executable test_runner",{"fg":1,"bold":true}],["                                                                    ",{"fg":2}]],"27":[["make[3]: Leaving directory `/home/kill/Dropbox/code/stderred/build'",{}],["                                 ",{"fg":1,"bold":true}]],"28":[["[ 50%] Built target test_runner                                                                     ",{}]],"29":[["make[3]: Entering directory `/home/kill/Dropbox/code/stderred/build'                                ",{}]],"30":[["Scanning dependencies of target test_stderred",{"fg":5,"bold":true}],["                                                       ",{}]],"31":[["make[3]: Leaving directory `/home/kill/Dropbox/code/stderred/build'",{}],["                                 ",{"fg":5,"bold":true}]],"32":[["make[3]: Entering directory `/home/kill/Dropbox/code/stderred/build'                                ",{}]],"33":[["[ 75%] ",{}],["Building C object CMakeFiles/test_stderred.dir/test_tty.c.o",{"fg":2}],["                                  ",{}]],"34":[["[100%] ",{}],["Building C object CMakeFiles/test_stderred.dir/stderred.c.o                                  ",{"fg":2}]],"35":[["Linking C shared library libtest_stderred.so",{"fg":1,"bold":true}],["                                                        ",{"fg":2}]],"36":[["                                                                                                    ",{"fg":1,"bold":true}]]}}],[0.039805,{"lines":{"0":[["-- Looking for fputc_unlocked - found                                                               ",{}]],"1":[["-- Looking for fprintf_unlocked                                                                     ",{}]],"2":[["-- Looking for fprintf_unlocked - not found                                                         ",{}]],"3":[["-- Looking for error                                                                                ",{}]],"4":[["-- Looking for error - found                                                                        ",{}]],"5":[["-- Looking for error_at_line                                                                        ",{}]],"6":[["-- Looking for error_at_line - found                                                                ",{}]],"7":[["-- Configuring done                                                                                 ",{}]],"8":[["-- Generating done                                                                                  ",{}]],"9":[["-- Build files have been written to: /home/kill/Dropbox/code/stderred/build                         ",{}]],"10":[["make[1]: Entering directory `/home/kill/Dropbox/code/stderred/build'                                ",{}]],"11":[["make[2]: Entering directory `/home/kill/Dropbox/code/stderred/build'                                ",{}]],"12":[["make[3]: Entering directory `/home/kill/Dropbox/code/stderred/build'                                ",{}]],"13":[["Scanning dependencies of target stderred",{"fg":5,"bold":true}],["                                                            ",{}]],"14":[["make[3]: Leaving directory `/home/kill/Dropbox/code/stderred/build'                                 ",{}]],"15":[["make[3]: Entering directory `/home/kill/Dropbox/code/stderred/build'                                ",{}]],"16":[["[ 25%] ",{}],["Building C object CMakeFiles/stderred.dir/stderred.c.o",{"fg":2}],["                                       ",{}]],"17":[["Linking C shared library libstderred.so",{"fg":1,"bold":true}],["                                                             ",{"fg":2}]],"18":[["make[3]: Leaving directory `/home/kill/Dropbox/code/stderred/build'",{}],["                                 ",{"fg":1,"bold":true}]],"19":[["[ 25%] Built target stderred                                                                        ",{}]],"20":[["make[3]: Entering directory `/home/kill/Dropbox/code/stderred/build'                                ",{}]],"21":[["Scanning dependencies of target test_runner",{"fg":5,"bold":true}],["                                                         ",{}]],"22":[["make[3]: Leaving directory `/home/kill/Dropbox/code/stderred/build'",{}],["                                 ",{"fg":5,"bold":true}]],"23":[["make[3]: Entering directory `/home/kill/Dropbox/code/stderred/build'                                ",{}]],"24":[["[ 50%] ",{}],["Building C object CMakeFiles/test_runner.dir/test.c.o",{"fg":2}],["                                        ",{}]],"25":[["Linking C executable test_runner",{"fg":1,"bold":true}],["                                                                    ",{"fg":2}]],"26":[["make[3]: Leaving directory `/home/kill/Dropbox/code/stderred/build'",{}],["                                 ",{"fg":1,"bold":true}]],"27":[["[ 50%] Built target test_runner                                                                     ",{}]],"28":[["make[3]: Entering directory `/home/kill/Dropbox/code/stderred/build'                                ",{}]],"29":[["Scanning dependencies of target test_stderred",{"fg":5,"bold":true}],["                                                       ",{}]],"30":[["make[3]: Leaving directory `/home/kill/Dropbox/code/stderred/build'",{}],["                                 ",{"fg":5,"bold":true}]],"31":[["make[3]: Entering directory `/home/kill/Dropbox/code/stderred/build'                                ",{}]],"32":[["[ 75%] ",{}],["Building C object CMakeFiles/test_stderred.dir/test_tty.c.o",{"fg":2}],["                                  ",{}]],"33":[["[100%] ",{}],["Building C object CMakeFiles/test_stderred.dir/stderred.c.o                                  ",{"fg":2}]],"34":[["Linking C shared library libtest_stderred.so",{"fg":1,"bold":true}],["                                                        ",{"fg":2}]],"35":[["make[3]: Leaving directory `/home/kill/Dropbox/code/stderred/build'",{}],["                                 ",{"fg":1,"bold":true}]],"36":[["                                                                                                    ",{}]]}}],[0.01218,{"lines":{"0":[["-- Looking for fprintf_unlocked - not found                                                         ",{}]],"1":[["-- Looking for error                                                                                ",{}]],"2":[["-- Looking for error - found                                                                        ",{}]],"3":[["-- Looking for error_at_line                                                                        ",{}]],"4":[["-- Looking for error_at_line - found                                                                ",{}]],"5":[["-- Configuring done                                                                                 ",{}]],"6":[["-- Generating done                                                                                  ",{}]],"7":[["-- Build files have been written to: /home/kill/Dropbox/code/stderred/build                         ",{}]],"8":[["make[1]: Entering directory `/home/kill/Dropbox/code/stderred/build'                                ",{}]],"9":[["make[2]: Entering directory `/home/kill/Dropbox/code/stderred/build'                                ",{}]],"10":[["make[3]: Entering directory `/home/kill/Dropbox/code/stderred/build'                                ",{}]],"11":[["Scanning dependencies of target stderred",{"fg":5,"bold":true}],["                                                            ",{}]],"12":[["make[3]: Leaving directory `/home/kill/Dropbox/code/stderred/build'                                 ",{}]],"13":[["make[3]: Entering directory `/home/kill/Dropbox/code/stderred/build'                                ",{}]],"14":[["[ 25%] ",{}],["Building C object CMakeFiles/stderred.dir/stderred.c.o",{"fg":2}],["                                       ",{}]],"15":[["Linking C shared library libstderred.so",{"fg":1,"bold":true}],["                                                             ",{"fg":2}]],"16":[["make[3]: Leaving directory `/home/kill/Dropbox/code/stderred/build'",{}],["                                 ",{"fg":1,"bold":true}]],"17":[["[ 25%] Built target stderred                                                                        ",{}]],"18":[["make[3]: Entering directory `/home/kill/Dropbox/code/stderred/build'                                ",{}]],"19":[["Scanning dependencies of target test_runner",{"fg":5,"bold":true}],["                                                         ",{}]],"20":[["make[3]: Leaving directory `/home/kill/Dropbox/code/stderred/build'",{}],["                                 ",{"fg":5,"bold":true}]],"21":[["make[3]: Entering directory `/home/kill/Dropbox/code/stderred/build'                                ",{}]],"22":[["[ 50%] ",{}],["Building C object CMakeFiles/test_runner.dir/test.c.o",{"fg":2}],["                                        ",{}]],"23":[["Linking C executable test_runner",{"fg":1,"bold":true}],["                                                                    ",{"fg":2}]],"24":[["make[3]: Leaving directory `/home/kill/Dropbox/code/stderred/build'",{}],["                                 ",{"fg":1,"bold":true}]],"25":[["[ 50%] Built target test_runner                                                                     ",{}]],"26":[["make[3]: Entering directory `/home/kill/Dropbox/code/stderred/build'                                ",{}]],"27":[["Scanning dependencies of target test_stderred",{"fg":5,"bold":true}],["                                                       ",{}]],"28":[["make[3]: Leaving directory `/home/kill/Dropbox/code/stderred/build'",{}],["                                 ",{"fg":5,"bold":true}]],"29":[["make[3]: Entering directory `/home/kill/Dropbox/code/stderred/build'                                ",{}]],"30":[["[ 75%] ",{}],["Building C object CMakeFiles/test_stderred.dir/test_tty.c.o",{"fg":2}],["                                  ",{}]],"31":[["[100%] ",{}],["Building C object CMakeFiles/test_stderred.dir/stderred.c.o                                  ",{"fg":2}]],"32":[["Linking C shared library libtest_stderred.so",{"fg":1,"bold":true}],["                                                        ",{"fg":2}]],"33":[["make[3]: Leaving directory `/home/kill/Dropbox/code/stderred/build'",{}],["                                 ",{"fg":1,"bold":true}]],"34":[["[100%] Built target test_stderred                                                                   ",{}]],"35":[["make[2]: Leaving directory `/home/kill/Dropbox/code/stderred/build'                                 ",{}]]}}],[0.013064,{"lines":{"0":[["-- Looking for error - found                                                                        ",{}]],"1":[["-- Looking for error_at_line                                                                        ",{}]],"2":[["-- Looking for error_at_line - found                                                                ",{}]],"3":[["-- Configuring done                                                                                 ",{}]],"4":[["-- Generating done                                                                                  ",{}]],"5":[["-- Build files have been written to: /home/kill/Dropbox/code/stderred/build                         ",{}]],"6":[["make[1]: Entering directory `/home/kill/Dropbox/code/stderred/build'                                ",{}]],"7":[["make[2]: Entering directory `/home/kill/Dropbox/code/stderred/build'                                ",{}]],"8":[["make[3]: Entering directory `/home/kill/Dropbox/code/stderred/build'                                ",{}]],"9":[["Scanning dependencies of target stderred",{"fg":5,"bold":true}],["                                                            ",{}]],"10":[["make[3]: Leaving directory `/home/kill/Dropbox/code/stderred/build'                                 ",{}]],"11":[["make[3]: Entering directory `/home/kill/Dropbox/code/stderred/build'                                ",{}]],"12":[["[ 25%] ",{}],["Building C object CMakeFiles/stderred.dir/stderred.c.o",{"fg":2}],["                                       ",{}]],"13":[["Linking C shared library libstderred.so",{"fg":1,"bold":true}],["                                                             ",{"fg":2}]],"14":[["make[3]: Leaving directory `/home/kill/Dropbox/code/stderred/build'",{}],["                                 ",{"fg":1,"bold":true}]],"15":[["[ 25%] Built target stderred                                                                        ",{}]],"16":[["make[3]: Entering directory `/home/kill/Dropbox/code/stderred/build'                                ",{}]],"17":[["Scanning dependencies of target test_runner",{"fg":5,"bold":true}],["                                                         ",{}]],"18":[["make[3]: Leaving directory `/home/kill/Dropbox/code/stderred/build'",{}],["                                 ",{"fg":5,"bold":true}]],"19":[["make[3]: Entering directory `/home/kill/Dropbox/code/stderred/build'                                ",{}]],"20":[["[ 50%] ",{}],["Building C object CMakeFiles/test_runner.dir/test.c.o",{"fg":2}],["                                        ",{}]],"21":[["Linking C executable test_runner",{"fg":1,"bold":true}],["                                                                    ",{"fg":2}]],"22":[["make[3]: Leaving directory `/home/kill/Dropbox/code/stderred/build'",{}],["                                 ",{"fg":1,"bold":true}]],"23":[["[ 50%] Built target test_runner                                                                     ",{}]],"24":[["make[3]: Entering directory `/home/kill/Dropbox/code/stderred/build'                                ",{}]],"25":[["Scanning dependencies of target test_stderred",{"fg":5,"bold":true}],["                                                       ",{}]],"26":[["make[3]: Leaving directory `/home/kill/Dropbox/code/stderred/build'",{}],["                                 ",{"fg":5,"bold":true}]],"27":[["make[3]: Entering directory `/home/kill/Dropbox/code/stderred/build'                                ",{}]],"28":[["[ 75%] ",{}],["Building C object CMakeFiles/test_stderred.dir/test_tty.c.o",{"fg":2}],["                                  ",{}]],"29":[["[100%] ",{}],["Building C object CMakeFiles/test_stderred.dir/stderred.c.o                                  ",{"fg":2}]],"30":[["Linking C shared library libtest_stderred.so",{"fg":1,"bold":true}],["                                                        ",{"fg":2}]],"31":[["make[3]: Leaving directory `/home/kill/Dropbox/code/stderred/build'",{}],["                                 ",{"fg":1,"bold":true}]],"32":[["[100%] Built target test_stderred                                                                   ",{}]],"33":[["make[2]: Leaving directory `/home/kill/Dropbox/code/stderred/build'                                 ",{}]],"34":[["make[1]: Leaving directory `/home/kill/Dropbox/code/stderred/build'                                 ",{}]],"35":[["cd build && make test                                                                               ",{}]]}}],[0.015842,{"lines":{"0":[["-- Looking for error_at_line                                                                        ",{}]],"1":[["-- Looking for error_at_line - found                                                                ",{}]],"2":[["-- Configuring done                                                                                 ",{}]],"3":[["-- Generating done                                                                                  ",{}]],"4":[["-- Build files have been written to: /home/kill/Dropbox/code/stderred/build                         ",{}]],"5":[["make[1]: Entering directory `/home/kill/Dropbox/code/stderred/build'                                ",{}]],"6":[["make[2]: Entering directory `/home/kill/Dropbox/code/stderred/build'                                ",{}]],"7":[["make[3]: Entering directory `/home/kill/Dropbox/code/stderred/build'                                ",{}]],"8":[["Scanning dependencies of target stderred",{"fg":5,"bold":true}],["                                                            ",{}]],"9":[["make[3]: Leaving directory `/home/kill/Dropbox/code/stderred/build'                                 ",{}]],"10":[["make[3]: Entering directory `/home/kill/Dropbox/code/stderred/build'                                ",{}]],"11":[["[ 25%] ",{}],["Building C object CMakeFiles/stderred.dir/stderred.c.o",{"fg":2}],["                                       ",{}]],"12":[["Linking C shared library libstderred.so",{"fg":1,"bold":true}],["                                                             ",{"fg":2}]],"13":[["make[3]: Leaving directory `/home/kill/Dropbox/code/stderred/build'",{}],["                                 ",{"fg":1,"bold":true}]],"14":[["[ 25%] Built target stderred                                                                        ",{}]],"15":[["make[3]: Entering directory `/home/kill/Dropbox/code/stderred/build'                                ",{}]],"16":[["Scanning dependencies of target test_runner",{"fg":5,"bold":true}],["                                                         ",{}]],"17":[["make[3]: Leaving directory `/home/kill/Dropbox/code/stderred/build'",{}],["                                 ",{"fg":5,"bold":true}]],"18":[["make[3]: Entering directory `/home/kill/Dropbox/code/stderred/build'                                ",{}]],"19":[["[ 50%] ",{}],["Building C object CMakeFiles/test_runner.dir/test.c.o",{"fg":2}],["                                        ",{}]],"20":[["Linking C executable test_runner",{"fg":1,"bold":true}],["                                                                    ",{"fg":2}]],"21":[["make[3]: Leaving directory `/home/kill/Dropbox/code/stderred/build'",{}],["                                 ",{"fg":1,"bold":true}]],"22":[["[ 50%] Built target test_runner                                                                     ",{}]],"23":[["make[3]: Entering directory `/home/kill/Dropbox/code/stderred/build'                                ",{}]],"24":[["Scanning dependencies of target test_stderred",{"fg":5,"bold":true}],["                                                       ",{}]],"25":[["make[3]: Leaving directory `/home/kill/Dropbox/code/stderred/build'",{}],["                                 ",{"fg":5,"bold":true}]],"26":[["make[3]: Entering directory `/home/kill/Dropbox/code/stderred/build'                                ",{}]],"27":[["[ 75%] ",{}],["Building C object CMakeFiles/test_stderred.dir/test_tty.c.o",{"fg":2}],["                                  ",{}]],"28":[["[100%] ",{}],["Building C object CMakeFiles/test_stderred.dir/stderred.c.o                                  ",{"fg":2}]],"29":[["Linking C shared library libtest_stderred.so",{"fg":1,"bold":true}],["                                                        ",{"fg":2}]],"30":[["make[3]: Leaving directory `/home/kill/Dropbox/code/stderred/build'",{}],["                                 ",{"fg":1,"bold":true}]],"31":[["[100%] Built target test_stderred                                                                   ",{}]],"32":[["make[2]: Leaving directory `/home/kill/Dropbox/code/stderred/build'                                 ",{}]],"33":[["make[1]: Leaving directory `/home/kill/Dropbox/code/stderred/build'                                 ",{}]],"34":[["cd build && make test                                                                               ",{}]],"35":[["make[1]: Entering directory `/home/kill/Dropbox/code/stderred/build'                                ",{}]],"36":[["Running tests...",{"fg":6}],["                                                                                    ",{}]]},"cursor":{"x":16}}],[0.012717,{"lines":{"0":[["-- Configuring done                                                                                 ",{}]],"1":[["-- Generating done                                                                                  ",{}]],"2":[["-- Build files have been written to: /home/kill/Dropbox/code/stderred/build                         ",{}]],"3":[["make[1]: Entering directory `/home/kill/Dropbox/code/stderred/build'                                ",{}]],"4":[["make[2]: Entering directory `/home/kill/Dropbox/code/stderred/build'                                ",{}]],"5":[["make[3]: Entering directory `/home/kill/Dropbox/code/stderred/build'                                ",{}]],"6":[["Scanning dependencies of target stderred",{"fg":5,"bold":true}],["                                                            ",{}]],"7":[["make[3]: Leaving directory `/home/kill/Dropbox/code/stderred/build'                                 ",{}]],"8":[["make[3]: Entering directory `/home/kill/Dropbox/code/stderred/build'                                ",{}]],"9":[["[ 25%] ",{}],["Building C object CMakeFiles/stderred.dir/stderred.c.o",{"fg":2}],["                                       ",{}]],"10":[["Linking C shared library libstderred.so",{"fg":1,"bold":true}],["                                                             ",{"fg":2}]],"11":[["make[3]: Leaving directory `/home/kill/Dropbox/code/stderred/build'",{}],["                                 ",{"fg":1,"bold":true}]],"12":[["[ 25%] Built target stderred                                                                        ",{}]],"13":[["make[3]: Entering directory `/home/kill/Dropbox/code/stderred/build'                                ",{}]],"14":[["Scanning dependencies of target test_runner",{"fg":5,"bold":true}],["                                                         ",{}]],"15":[["make[3]: Leaving directory `/home/kill/Dropbox/code/stderred/build'",{}],["                                 ",{"fg":5,"bold":true}]],"16":[["make[3]: Entering directory `/home/kill/Dropbox/code/stderred/build'                                ",{}]],"17":[["[ 50%] ",{}],["Building C object CMakeFiles/test_runner.dir/test.c.o",{"fg":2}],["                                        ",{}]],"18":[["Linking C executable test_runner",{"fg":1,"bold":true}],["                                                                    ",{"fg":2}]],"19":[["make[3]: Leaving directory `/home/kill/Dropbox/code/stderred/build'",{}],["                                 ",{"fg":1,"bold":true}]],"20":[["[ 50%] Built target test_runner                                                                     ",{}]],"21":[["make[3]: Entering directory `/home/kill/Dropbox/code/stderred/build'                                ",{}]],"22":[["Scanning dependencies of target test_stderred",{"fg":5,"bold":true}],["                                                       ",{}]],"23":[["make[3]: Leaving directory `/home/kill/Dropbox/code/stderred/build'",{}],["                                 ",{"fg":5,"bold":true}]],"24":[["make[3]: Entering directory `/home/kill/Dropbox/code/stderred/build'                                ",{}]],"25":[["[ 75%] ",{}],["Building C object CMakeFiles/test_stderred.dir/test_tty.c.o",{"fg":2}],["                                  ",{}]],"26":[["[100%] ",{}],["Building C object CMakeFiles/test_stderred.dir/stderred.c.o                                  ",{"fg":2}]],"27":[["Linking C shared library libtest_stderred.so",{"fg":1,"bold":true}],["                                                        ",{"fg":2}]],"28":[["make[3]: Leaving directory `/home/kill/Dropbox/code/stderred/build'",{}],["                                 ",{"fg":1,"bold":true}]],"29":[["[100%] Built target test_stderred                                                                   ",{}]],"30":[["make[2]: Leaving directory `/home/kill/Dropbox/code/stderred/build'                                 ",{}]],"31":[["make[1]: Leaving directory `/home/kill/Dropbox/code/stderred/build'                                 ",{}]],"32":[["cd build && make test                                                                               ",{}]],"33":[["make[1]: Entering directory `/home/kill/Dropbox/code/stderred/build'                                ",{}]],"34":[["Running tests...",{"fg":6}],["                                                                                    ",{}]],"35":[["Test project /home/kill/Dropbox/code/stderred/build",{}],["                                                 ",{"fg":6}]],"36":[["                                                                                                    ",{}]]},"cursor":{"x":0}}],[0.016653,{"lines":{"0":[["make[1]: Entering directory `/home/kill/Dropbox/code/stderred/build'                                ",{}]],"1":[["make[2]: Entering directory `/home/kill/Dropbox/code/stderred/build'                                ",{}]],"2":[["make[3]: Entering directory `/home/kill/Dropbox/code/stderred/build'                                ",{}]],"3":[["Scanning dependencies of target stderred",{"fg":5,"bold":true}],["                                                            ",{}]],"4":[["make[3]: Leaving directory `/home/kill/Dropbox/code/stderred/build'                                 ",{}]],"6":[["[ 25%] ",{}],["Building C object CMakeFiles/stderred.dir/stderred.c.o",{"fg":2}],["                                       ",{}]],"7":[["Linking C shared library libstderred.so",{"fg":1,"bold":true}],["                                                             ",{"fg":2}]],"8":[["make[3]: Leaving directory `/home/kill/Dropbox/code/stderred/build'",{}],["                                 ",{"fg":1,"bold":true}]],"9":[["[ 25%] Built target stderred                                                                        ",{}]],"10":[["make[3]: Entering directory `/home/kill/Dropbox/code/stderred/build'                                ",{}]],"11":[["Scanning dependencies of target test_runner",{"fg":5,"bold":true}],["                                                         ",{}]],"12":[["make[3]: Leaving directory `/home/kill/Dropbox/code/stderred/build'",{}],["                                 ",{"fg":5,"bold":true}]],"14":[["[ 50%] ",{}],["Building C object CMakeFiles/test_runner.dir/test.c.o",{"fg":2}],["                                        ",{}]],"15":[["Linking C executable test_runner",{"fg":1,"bold":true}],["                                                                    ",{"fg":2}]],"16":[["make[3]: Leaving directory `/home/kill/Dropbox/code/stderred/build'",{}],["                                 ",{"fg":1,"bold":true}]],"17":[["[ 50%] Built target test_runner                                                                     ",{}]],"18":[["make[3]: Entering directory `/home/kill/Dropbox/code/stderred/build'                                ",{}]],"19":[["Scanning dependencies of target test_stderred",{"fg":5,"bold":true}],["                                                       ",{}]],"20":[["make[3]: Leaving directory `/home/kill/Dropbox/code/stderred/build'",{}],["                                 ",{"fg":5,"bold":true}]],"22":[["[ 75%] ",{}],["Building C object CMakeFiles/test_stderred.dir/test_tty.c.o",{"fg":2}],["                                  ",{}]],"23":[["[100%] ",{}],["Building C object CMakeFiles/test_stderred.dir/stderred.c.o                                  ",{"fg":2}]],"24":[["Linking C shared library libtest_stderred.so",{"fg":1,"bold":true}],["                                                        ",{"fg":2}]],"25":[["make[3]: Leaving directory `/home/kill/Dropbox/code/stderred/build'",{}],["                                 ",{"fg":1,"bold":true}]],"26":[["[100%] Built target test_stderred                                                                   ",{}]],"27":[["make[2]: Leaving directory `/home/kill/Dropbox/code/stderred/build'                                 ",{}]],"28":[["make[1]: Leaving directory `/home/kill/Dropbox/code/stderred/build'                                 ",{}]],"29":[["cd build && make test                                                                               ",{}]],"30":[["make[1]: Entering directory `/home/kill/Dropbox/code/stderred/build'                                ",{}]],"31":[["Running tests...",{"fg":6}],["                                                                                    ",{}]],"32":[["Test project /home/kill/Dropbox/code/stderred/build",{}],["                                                 ",{"fg":6}]],"33":[["      Start  1: printf                                                                              ",{}]],"34":[[" 1/13 Test  #1: printf ...........................   Passed    0.00 sec                             ",{}]],"35":[["      Start  2: write                                                                               ",{}]],"36":[[" 2/13 Test  #2:                                                                                     ",{}]]},"cursor":{"x":16}}],[0.015642,{"lines":{"0":[["[ 25%] ",{}],["Building C object CMakeFiles/stderred.dir/stderred.c.o",{"fg":2}],["                                       ",{}]],"1":[["Linking C shared library libstderred.so",{"fg":1,"bold":true}],["                                                             ",{"fg":2}]],"2":[["make[3]: Leaving directory `/home/kill/Dropbox/code/stderred/build'",{}],["                                 ",{"fg":1,"bold":true}]],"3":[["[ 25%] Built target stderred                                                                        ",{}]],"4":[["make[3]: Entering directory `/home/kill/Dropbox/code/stderred/build'                                ",{}]],"5":[["Scanning dependencies of target test_runner",{"fg":5,"bold":true}],["                                                         ",{}]],"6":[["make[3]: Leaving directory `/home/kill/Dropbox/code/stderred/build'",{}],["                                 ",{"fg":5,"bold":true}]],"7":[["make[3]: Entering directory `/home/kill/Dropbox/code/stderred/build'                                ",{}]],"8":[["[ 50%] ",{}],["Building C object CMakeFiles/test_runner.dir/test.c.o",{"fg":2}],["                                        ",{}]],"9":[["Linking C executable test_runner",{"fg":1,"bold":true}],["                                                                    ",{"fg":2}]],"10":[["make[3]: Leaving directory `/home/kill/Dropbox/code/stderred/build'",{}],["                                 ",{"fg":1,"bold":true}]],"11":[["[ 50%] Built target test_runner                                                                     ",{}]],"12":[["make[3]: Entering directory `/home/kill/Dropbox/code/stderred/build'                                ",{}]],"13":[["Scanning dependencies of target test_stderred",{"fg":5,"bold":true}],["                                                       ",{}]],"14":[["make[3]: Leaving directory `/home/kill/Dropbox/code/stderred/build'",{}],["                                 ",{"fg":5,"bold":true}]],"15":[["make[3]: Entering directory `/home/kill/Dropbox/code/stderred/build'                                ",{}]],"16":[["[ 75%] ",{}],["Building C object CMakeFiles/test_stderred.dir/test_tty.c.o",{"fg":2}],["                                  ",{}]],"17":[["[100%] ",{}],["Building C object CMakeFiles/test_stderred.dir/stderred.c.o                                  ",{"fg":2}]],"18":[["Linking C shared library libtest_stderred.so",{"fg":1,"bold":true}],["                                                        ",{"fg":2}]],"19":[["make[3]: Leaving directory `/home/kill/Dropbox/code/stderred/build'",{}],["                                 ",{"fg":1,"bold":true}]],"20":[["[100%] Built target test_stderred                                                                   ",{}]],"21":[["make[2]: Leaving directory `/home/kill/Dropbox/code/stderred/build'                                 ",{}]],"22":[["make[1]: Leaving directory `/home/kill/Dropbox/code/stderred/build'                                 ",{}]],"23":[["cd build && make test                                                                               ",{}]],"24":[["make[1]: Entering directory `/home/kill/Dropbox/code/stderred/build'                                ",{}]],"25":[["Running tests...",{"fg":6}],["                                                                                    ",{}]],"26":[["Test project /home/kill/Dropbox/code/stderred/build",{}],["                                                 ",{"fg":6}]],"27":[["      Start  1: printf                                                                              ",{}]],"28":[[" 1/13 Test  #1: printf ...........................   Passed    0.00 sec                             ",{}]],"29":[["      Start  2: write                                                                               ",{}]],"30":[[" 2/13 Test  #2: write ............................   Passed    0.00 sec                             ",{}]],"31":[["      Start  3: fprintf                                                                             ",{}]],"32":[[" 3/13 Test  #3: fprintf ..........................   Passed    0.00 sec                             ",{}]],"33":[["      Start  4: fwrite                                                                              ",{}]],"34":[[" 4/13 Test  #4: fwrite ...........................   Passed    0.00 sec                             ",{}]],"35":[["      Start  5: fwrite_unlocked                                                                     ",{}]],"36":[["                                                                                                    ",{}]]},"cursor":{"x":0}}],[0.014085,{"lines":{"0":[["make[3]: Entering directory `/home/kill/Dropbox/code/stderred/build'                                ",{}]],"1":[["Scanning dependencies of target test_runner",{"fg":5,"bold":true}],["                                                         ",{}]],"2":[["make[3]: Leaving directory `/home/kill/Dropbox/code/stderred/build'",{}],["                                 ",{"fg":5,"bold":true}]],"3":[["make[3]: Entering directory `/home/kill/Dropbox/code/stderred/build'                                ",{}]],"4":[["[ 50%] ",{}],["Building C object CMakeFiles/test_runner.dir/test.c.o",{"fg":2}],["                                        ",{}]],"5":[["Linking C executable test_runner",{"fg":1,"bold":true}],["                                                                    ",{"fg":2}]],"6":[["make[3]: Leaving directory `/home/kill/Dropbox/code/stderred/build'",{}],["                                 ",{"fg":1,"bold":true}]],"7":[["[ 50%] Built target test_runner                                                                     ",{}]],"8":[["make[3]: Entering directory `/home/kill/Dropbox/code/stderred/build'                                ",{}]],"9":[["Scanning dependencies of target test_stderred",{"fg":5,"bold":true}],["                                                       ",{}]],"10":[["make[3]: Leaving directory `/home/kill/Dropbox/code/stderred/build'",{}],["                                 ",{"fg":5,"bold":true}]],"11":[["make[3]: Entering directory `/home/kill/Dropbox/code/stderred/build'                                ",{}]],"12":[["[ 75%] ",{}],["Building C object CMakeFiles/test_stderred.dir/test_tty.c.o",{"fg":2}],["                                  ",{}]],"13":[["[100%] ",{}],["Building C object CMakeFiles/test_stderred.dir/stderred.c.o                                  ",{"fg":2}]],"14":[["Linking C shared library libtest_stderred.so",{"fg":1,"bold":true}],["                                                        ",{"fg":2}]],"15":[["make[3]: Leaving directory `/home/kill/Dropbox/code/stderred/build'",{}],["                                 ",{"fg":1,"bold":true}]],"16":[["[100%] Built target test_stderred                                                                   ",{}]],"17":[["make[2]: Leaving directory `/home/kill/Dropbox/code/stderred/build'                                 ",{}]],"18":[["make[1]: Leaving directory `/home/kill/Dropbox/code/stderred/build'                                 ",{}]],"19":[["cd build && make test                                                                               ",{}]],"20":[["make[1]: Entering directory `/home/kill/Dropbox/code/stderred/build'                                ",{}]],"21":[["Running tests...",{"fg":6}],["                                                                                    ",{}]],"22":[["Test project /home/kill/Dropbox/code/stderred/build",{}],["                                                 ",{"fg":6}]],"23":[["      Start  1: printf                                                                              ",{}]],"24":[[" 1/13 Test  #1: printf ...........................   Passed    0.00 sec                             ",{}]],"25":[["      Start  2: write                                                                               ",{}]],"26":[[" 2/13 Test  #2: write ............................   Passed    0.00 sec                             ",{}]],"27":[["      Start  3: fprintf                                                                             ",{}]],"28":[[" 3/13 Test  #3: fprintf ..........................   Passed    0.00 sec                             ",{}]],"29":[["      Start  4: fwrite                                                                              ",{}]],"30":[[" 4/13 Test  #4: fwrite ...........................   Passed    0.00 sec                             ",{}]],"31":[["      Start  5: fwrite_unlocked                                                                     ",{}]],"32":[[" 5/13 Test  #5: fwrite_unlocked ..................   Passed    0.01 sec                             ",{}]],"33":[["      Start  6: fputc                                                                               ",{}]],"34":[[" 6/13 Test  #6: fputc ............................   Passed    0.00 sec                             ",{}]],"35":[["      Start  7: fputc_unlocked                                                                      ",{}]]}}],[0.014328,{"lines":{"0":[["make[3]: Leaving directory `/home/kill/Dropbox/code/stderred/build'",{}],["                                 ",{"fg":1,"bold":true}]],"1":[["[ 50%] Built target test_runner                                                                     ",{}]],"2":[["make[3]: Entering directory `/home/kill/Dropbox/code/stderred/build'                                ",{}]],"3":[["Scanning dependencies of target test_stderred",{"fg":5,"bold":true}],["                                                       ",{}]],"4":[["make[3]: Leaving directory `/home/kill/Dropbox/code/stderred/build'",{}],["                                 ",{"fg":5,"bold":true}]],"5":[["make[3]: Entering directory `/home/kill/Dropbox/code/stderred/build'                                ",{}]],"6":[["[ 75%] ",{}],["Building C object CMakeFiles/test_stderred.dir/test_tty.c.o",{"fg":2}],["                                  ",{}]],"7":[["[100%] ",{}],["Building C object CMakeFiles/test_stderred.dir/stderred.c.o                                  ",{"fg":2}]],"8":[["Linking C shared library libtest_stderred.so",{"fg":1,"bold":true}],["                                                        ",{"fg":2}]],"9":[["make[3]: Leaving directory `/home/kill/Dropbox/code/stderred/build'",{}],["                                 ",{"fg":1,"bold":true}]],"10":[["[100%] Built target test_stderred                                                                   ",{}]],"11":[["make[2]: Leaving directory `/home/kill/Dropbox/code/stderred/build'                                 ",{}]],"12":[["make[1]: Leaving directory `/home/kill/Dropbox/code/stderred/build'                                 ",{}]],"13":[["cd build && make test                                                                               ",{}]],"14":[["make[1]: Entering directory `/home/kill/Dropbox/code/stderred/build'                                ",{}]],"15":[["Running tests...",{"fg":6}],["                                                                                    ",{}]],"16":[["Test project /home/kill/Dropbox/code/stderred/build",{}],["                                                 ",{"fg":6}]],"17":[["      Start  1: printf                                                                              ",{}]],"18":[[" 1/13 Test  #1: printf ...........................   Passed    0.00 sec                             ",{}]],"19":[["      Start  2: write                                                                               ",{}]],"20":[[" 2/13 Test  #2: write ............................   Passed    0.00 sec                             ",{}]],"21":[["      Start  3: fprintf                                                                             ",{}]],"22":[[" 3/13 Test  #3: fprintf ..........................   Passed    0.00 sec                             ",{}]],"23":[["      Start  4: fwrite                                                                              ",{}]],"24":[[" 4/13 Test  #4: fwrite ...........................   Passed    0.00 sec                             ",{}]],"25":[["      Start  5: fwrite_unlocked                                                                     ",{}]],"26":[[" 5/13 Test  #5: fwrite_unlocked ..................   Passed    0.01 sec                             ",{}]],"27":[["      Start  6: fputc                                                                               ",{}]],"28":[[" 6/13 Test  #6: fputc ............................   Passed    0.00 sec                             ",{}]],"29":[["      Start  7: fputc_unlocked                                                                      ",{}]],"30":[[" 7/13 Test  #7: fputc_unlocked ...................   Passed    0.00 sec                             ",{}]],"31":[["      Start  8: fputs                                                                               ",{}]],"32":[[" 8/13 Test  #8: fputs ............................   Passed    0.00 sec                             ",{}]],"33":[["      Start  9: fputs_unlocked                                                                      ",{}]],"34":[[" 9/13 Test  #9: fputs_unlocked ...................   Passed    0.00 sec                             ",{}]],"35":[["      Start 10: vfprintf                                                                            ",{}]]}}],[0.010588,{"lines":{"0":[["make[3]: Leaving directory `/home/kill/Dropbox/code/stderred/build'",{}],["                                 ",{"fg":5,"bold":true}]],"1":[["make[3]: Entering directory `/home/kill/Dropbox/code/stderred/build'                                ",{}]],"2":[["[ 75%] ",{}],["Building C object CMakeFiles/test_stderred.dir/test_tty.c.o",{"fg":2}],["                                  ",{}]],"3":[["[100%] ",{}],["Building C object CMakeFiles/test_stderred.dir/stderred.c.o                                  ",{"fg":2}]],"4":[["Linking C shared library libtest_stderred.so",{"fg":1,"bold":true}],["                                                        ",{"fg":2}]],"5":[["make[3]: Leaving directory `/home/kill/Dropbox/code/stderred/build'",{}],["                                 ",{"fg":1,"bold":true}]],"6":[["[100%] Built target test_stderred                                                                   ",{}]],"7":[["make[2]: Leaving directory `/home/kill/Dropbox/code/stderred/build'                                 ",{}]],"8":[["make[1]: Leaving directory `/home/kill/Dropbox/code/stderred/build'                                 ",{}]],"9":[["cd build && make test                                                                               ",{}]],"10":[["make[1]: Entering directory `/home/kill/Dropbox/code/stderred/build'                                ",{}]],"11":[["Running tests...",{"fg":6}],["                                                                                    ",{}]],"12":[["Test project /home/kill/Dropbox/code/stderred/build",{}],["                                                 ",{"fg":6}]],"13":[["      Start  1: printf                                                                              ",{}]],"14":[[" 1/13 Test  #1: printf ...........................   Passed    0.00 sec                             ",{}]],"15":[["      Start  2: write                                                                               ",{}]],"16":[[" 2/13 Test  #2: write ............................   Passed    0.00 sec                             ",{}]],"17":[["      Start  3: fprintf                                                                             ",{}]],"18":[[" 3/13 Test  #3: fprintf ..........................   Passed    0.00 sec                             ",{}]],"19":[["      Start  4: fwrite                                                                              ",{}]],"20":[[" 4/13 Test  #4: fwrite ...........................   Passed    0.00 sec                             ",{}]],"21":[["      Start  5: fwrite_unlocked                                                                     ",{}]],"22":[[" 5/13 Test  #5: fwrite_unlocked ..................   Passed    0.01 sec                             ",{}]],"23":[["      Start  6: fputc                                                                               ",{}]],"24":[[" 6/13 Test  #6: fputc ............................   Passed    0.00 sec                             ",{}]],"25":[["      Start  7: fputc_unlocked                                                                      ",{}]],"26":[[" 7/13 Test  #7: fputc_unlocked ...................   Passed    0.00 sec                             ",{}]],"27":[["      Start  8: fputs                                                                               ",{}]],"28":[[" 8/13 Test  #8: fputs ............................   Passed    0.00 sec                             ",{}]],"29":[["      Start  9: fputs_unlocked                                                                      ",{}]],"30":[[" 9/13 Test  #9: fputs_unlocked ...................   Passed    0.00 sec                             ",{}]],"31":[["      Start 10: vfprintf                                                                            ",{}]],"32":[["10/13 Test #10: vfprintf .........................   Passed    0.00 sec                             ",{}]],"33":[["      Start 11: perror                                                                              ",{}]],"34":[["11/13 Test #11: perror ...........................   Passed    0.00 sec                             ",{}]],"35":[["      Start 12: error                                                                               ",{}]]}}],[0.013699,{"lines":{"0":[["[ 75%] ",{}],["Building C object CMakeFiles/test_stderred.dir/test_tty.c.o",{"fg":2}],["                                  ",{}]],"1":[["[100%] ",{}],["Building C object CMakeFiles/test_stderred.dir/stderred.c.o                                  ",{"fg":2}]],"2":[["Linking C shared library libtest_stderred.so",{"fg":1,"bold":true}],["                                                        ",{"fg":2}]],"3":[["make[3]: Leaving directory `/home/kill/Dropbox/code/stderred/build'",{}],["                                 ",{"fg":1,"bold":true}]],"4":[["[100%] Built target test_stderred                                                                   ",{}]],"5":[["make[2]: Leaving directory `/home/kill/Dropbox/code/stderred/build'                                 ",{}]],"6":[["make[1]: Leaving directory `/home/kill/Dropbox/code/stderred/build'                                 ",{}]],"7":[["cd build && make test                                                                               ",{}]],"8":[["make[1]: Entering directory `/home/kill/Dropbox/code/stderred/build'                                ",{}]],"9":[["Running tests...",{"fg":6}],["                                                                                    ",{}]],"10":[["Test project /home/kill/Dropbox/code/stderred/build",{}],["                                                 ",{"fg":6}]],"11":[["      Start  1: printf                                                                              ",{}]],"12":[[" 1/13 Test  #1: printf ...........................   Passed    0.00 sec                             ",{}]],"13":[["      Start  2: write                                                                               ",{}]],"14":[[" 2/13 Test  #2: write ............................   Passed    0.00 sec                             ",{}]],"15":[["      Start  3: fprintf                                                                             ",{}]],"16":[[" 3/13 Test  #3: fprintf ..........................   Passed    0.00 sec                             ",{}]],"17":[["      Start  4: fwrite                                                                              ",{}]],"18":[[" 4/13 Test  #4: fwrite ...........................   Passed    0.00 sec                             ",{}]],"19":[["      Start  5: fwrite_unlocked                                                                     ",{}]],"20":[[" 5/13 Test  #5: fwrite_unlocked ..................   Passed    0.01 sec                             ",{}]],"21":[["      Start  6: fputc                                                                               ",{}]],"22":[[" 6/13 Test  #6: fputc ............................   Passed    0.00 sec                             ",{}]],"23":[["      Start  7: fputc_unlocked                                                                      ",{}]],"24":[[" 7/13 Test  #7: fputc_unlocked ...................   Passed    0.00 sec                             ",{}]],"25":[["      Start  8: fputs                                                                               ",{}]],"26":[[" 8/13 Test  #8: fputs ............................   Passed    0.00 sec                             ",{}]],"27":[["      Start  9: fputs_unlocked                                                                      ",{}]],"28":[[" 9/13 Test  #9: fputs_unlocked ...................   Passed    0.00 sec                             ",{}]],"29":[["      Start 10: vfprintf                                                                            ",{}]],"30":[["10/13 Test #10: vfprintf .........................   Passed    0.00 sec                             ",{}]],"31":[["      Start 11: perror                                                                              ",{}]],"32":[["11/13 Test #11: perror ...........................   Passed    0.00 sec                             ",{}]],"33":[["      Start 12: error                                                                               ",{}]],"34":[["12/13 Test #12: error ............................   Passed    0.01 sec                             ",{}]],"35":[["      Start 13: error_at_line                                                                       ",{}]]}}],[0.011423,{"lines":{"0":[["make[1]: Leaving directory `/home/kill/Dropbox/code/stderred/build'                                 ",{}]],"1":[["cd build && make test                                                                               ",{}]],"2":[["make[1]: Entering directory `/home/kill/Dropbox/code/stderred/build'                                ",{}]],"3":[["Running tests...",{"fg":6}],["                                                                                    ",{}]],"4":[["Test project /home/kill/Dropbox/code/stderred/build",{}],["                                                 ",{"fg":6}]],"5":[["      Start  1: printf                                                                              ",{}]],"6":[[" 1/13 Test  #1: printf ...........................   Passed    0.00 sec                             ",{}]],"7":[["      Start  2: write                                                                               ",{}]],"8":[[" 2/13 Test  #2: write ............................   Passed    0.00 sec                             ",{}]],"9":[["      Start  3: fprintf                                                                             ",{}]],"10":[[" 3/13 Test  #3: fprintf ..........................   Passed    0.00 sec                             ",{}]],"11":[["      Start  4: fwrite                                                                              ",{}]],"12":[[" 4/13 Test  #4: fwrite ...........................   Passed    0.00 sec                             ",{}]],"13":[["      Start  5: fwrite_unlocked                                                                     ",{}]],"14":[[" 5/13 Test  #5: fwrite_unlocked ..................   Passed    0.01 sec                             ",{}]],"15":[["      Start  6: fputc                                                                               ",{}]],"16":[[" 6/13 Test  #6: fputc ............................   Passed    0.00 sec                             ",{}]],"17":[["      Start  7: fputc_unlocked                                                                      ",{}]],"18":[[" 7/13 Test  #7: fputc_unlocked ...................   Passed    0.00 sec                             ",{}]],"19":[["      Start  8: fputs                                                                               ",{}]],"20":[[" 8/13 Test  #8: fputs ............................   Passed    0.00 sec                             ",{}]],"21":[["      Start  9: fputs_unlocked                                                                      ",{}]],"22":[[" 9/13 Test  #9: fputs_unlocked ...................   Passed    0.00 sec                             ",{}]],"23":[["      Start 10: vfprintf                                                                            ",{}]],"24":[["10/13 Test #10: vfprintf .........................   Passed    0.00 sec                             ",{}]],"25":[["      Start 11: perror                                                                              ",{}]],"26":[["11/13 Test #11: perror ...........................   Passed    0.00 sec                             ",{}]],"27":[["      Start 12: error                                                                               ",{}]],"28":[["12/13 Test #12: error ............................   Passed    0.01 sec                             ",{}]],"29":[["      Start 13: error_at_line                                                                       ",{}]],"30":[["13/13 Test #13: error_at_line ....................   Passed    0.00 sec                             ",{}]],"31":[["                                                                                                    ",{}]],"32":[["100% tests passed, 0 tests failed out of 13                                                         ",{}]],"33":[["                                                                                                    ",{}]],"34":[["Total Test time (real) =   0.09 sec                                                                 ",{}]],"35":[["make[1]: Leaving directory `/home/kill/Dropbox/code/stderred/build'                                 ",{}]]}}],[0.028085,{"lines":{"36":[["code/stderred",{"fg":4}],[" ",{}],["(cmake",{"fg":3}],["?",{"fg":4}],[")",{"fg":3}],[" %                                                                            ",{}]]},"cursor":{"x":25}}],[0.000294,{}],[1.456975,{"lines":{"36":[["code/stderred",{"fg":4}],[" ",{}],["(cmake",{"fg":3}],["?",{"fg":4}],[")",{"fg":3}],[" % L                                                                          ",{}]]},"cursor":{"x":26}}],[0.132216,{"lines":{"36":[["code/stderred",{"fg":4}],[" ",{}],["(cmake",{"fg":3}],["?",{"fg":4}],[")",{"fg":3}],[" % LD                                                                         ",{}]]},"cursor":{"x":27}}],[0.387131,{"lines":{"36":[["code/stderred",{"fg":4}],[" ",{}],["(cmake",{"fg":3}],["?",{"fg":4}],[")",{"fg":3}],[" % LD_PRELOAD=$PWD/build/libstderred.so ls abc                                ",{}]]},"cursor":{"x":68}}],[1.576519,{"lines":{"0":[["cd build && make test                                                                               ",{}]],"1":[["make[1]: Entering directory `/home/kill/Dropbox/code/stderred/build'                                ",{}]],"2":[["Running tests...",{"fg":6}],["                                                                                    ",{}]],"3":[["Test project /home/kill/Dropbox/code/stderred/build",{}],["                                                 ",{"fg":6}]],"4":[["      Start  1: printf                                                                              ",{}]],"5":[[" 1/13 Test  #1: printf ...........................   Passed    0.00 sec                             ",{}]],"6":[["      Start  2: write                                                                               ",{}]],"7":[[" 2/13 Test  #2: write ............................   Passed    0.00 sec                             ",{}]],"8":[["      Start  3: fprintf                                                                             ",{}]],"9":[[" 3/13 Test  #3: fprintf ..........................   Passed    0.00 sec                             ",{}]],"10":[["      Start  4: fwrite                                                                              ",{}]],"11":[[" 4/13 Test  #4: fwrite ...........................   Passed    0.00 sec                             ",{}]],"12":[["      Start  5: fwrite_unlocked                                                                     ",{}]],"13":[[" 5/13 Test  #5: fwrite_unlocked ..................   Passed    0.01 sec                             ",{}]],"14":[["      Start  6: fputc                                                                               ",{}]],"15":[[" 6/13 Test  #6: fputc ............................   Passed    0.00 sec                             ",{}]],"16":[["      Start  7: fputc_unlocked                                                                      ",{}]],"17":[[" 7/13 Test  #7: fputc_unlocked ...................   Passed    0.00 sec                             ",{}]],"18":[["      Start  8: fputs                                                                               ",{}]],"19":[[" 8/13 Test  #8: fputs ............................   Passed    0.00 sec                             ",{}]],"20":[["      Start  9: fputs_unlocked                                                                      ",{}]],"21":[[" 9/13 Test  #9: fputs_unlocked ...................   Passed    0.00 sec                             ",{}]],"22":[["      Start 10: vfprintf                                                                            ",{}]],"23":[["10/13 Test #10: vfprintf .........................   Passed    0.00 sec                             ",{}]],"24":[["      Start 11: perror                                                                              ",{}]],"25":[["11/13 Test #11: perror ...........................   Passed    0.00 sec                             ",{}]],"26":[["      Start 12: error                                                                               ",{}]],"27":[["12/13 Test #12: error ............................   Passed    0.01 sec                             ",{}]],"28":[["      Start 13: error_at_line                                                                       ",{}]],"29":[["13/13 Test #13: error_at_line ....................   Passed    0.00 sec                             ",{}]],"30":[["                                                                                                    ",{}]],"31":[["100% tests passed, 0 tests failed out of 13                                                         ",{}]],"32":[["                                                                                                    ",{}]],"33":[["Total Test time (real) =   0.09 sec                                                                 ",{}]],"34":[["make[1]: Leaving directory `/home/kill/Dropbox/code/stderred/build'                                 ",{}]],"35":[["code/stderred",{"fg":4}],[" ",{}],["(cmake",{"fg":3}],["?",{"fg":4}],[")",{"fg":3}],[" % LD_PRELOAD=$PWD/build/libstderred.so ls abc                                ",{}]],"36":[["                                                                                                    ",{}]]},"cursor":{"x":0}}],[0.0052,{"lines":{"0":[["make[1]: Entering directory `/home/kill/Dropbox/code/stderred/build'                                ",{}]],"1":[["Running tests...",{"fg":6}],["                                                                                    ",{}]],"2":[["Test project /home/kill/Dropbox/code/stderred/build",{}],["                                                 ",{"fg":6}]],"3":[["      Start  1: printf                                                                              ",{}]],"4":[[" 1/13 Test  #1: printf ...........................   Passed    0.00 sec                             ",{}]],"5":[["      Start  2: write                                                                               ",{}]],"6":[[" 2/13 Test  #2: write ............................   Passed    0.00 sec                             ",{}]],"7":[["      Start  3: fprintf                                                                             ",{}]],"8":[[" 3/13 Test  #3: fprintf ..........................   Passed    0.00 sec                             ",{}]],"9":[["      Start  4: fwrite                                                                              ",{}]],"10":[[" 4/13 Test  #4: fwrite ...........................   Passed    0.00 sec                             ",{}]],"11":[["      Start  5: fwrite_unlocked                                                                     ",{}]],"12":[[" 5/13 Test  #5: fwrite_unlocked ..................   Passed    0.01 sec                             ",{}]],"13":[["      Start  6: fputc                                                                               ",{}]],"14":[[" 6/13 Test  #6: fputc ............................   Passed    0.00 sec                             ",{}]],"15":[["      Start  7: fputc_unlocked                                                                      ",{}]],"16":[[" 7/13 Test  #7: fputc_unlocked ...................   Passed    0.00 sec                             ",{}]],"17":[["      Start  8: fputs                                                                               ",{}]],"18":[[" 8/13 Test  #8: fputs ............................   Passed    0.00 sec                             ",{}]],"19":[["      Start  9: fputs_unlocked                                                                      ",{}]],"20":[[" 9/13 Test  #9: fputs_unlocked ...................   Passed    0.00 sec                             ",{}]],"21":[["      Start 10: vfprintf                                                                            ",{}]],"22":[["10/13 Test #10: vfprintf .........................   Passed    0.00 sec                             ",{}]],"23":[["      Start 11: perror                                                                              ",{}]],"24":[["11/13 Test #11: perror ...........................   Passed    0.00 sec                             ",{}]],"25":[["      Start 12: error                                                                               ",{}]],"26":[["12/13 Test #12: error ............................   Passed    0.01 sec                             ",{}]],"27":[["      Start 13: error_at_line                                                                       ",{}]],"28":[["13/13 Test #13: error_at_line ....................   Passed    0.00 sec                             ",{}]],"29":[["                                                                                                    ",{}]],"30":[["100% tests passed, 0 tests failed out of 13                                                         ",{}]],"31":[["                                                                                                    ",{}]],"32":[["Total Test time (real) =   0.09 sec                                                                 ",{}]],"33":[["make[1]: Leaving directory `/home/kill/Dropbox/code/stderred/build'                                 ",{}]],"34":[["code/stderred",{"fg":4}],[" ",{}],["(cmake",{"fg":3}],["?",{"fg":4}],[")",{"fg":3}],[" % LD_PRELOAD=$PWD/build/libstderred.so ls abc                                ",{}]],"35":[["ls: cannot access ATUS: No such file or directory                                                ",{}]]}}],[0.027108,{"lines":{"36":[["code/stderred",{"fg":4}],[" ",{}],["(cmake",{"fg":3}],["?",{"fg":4}],[")",{"fg":3}],[" ",{}],["%",{"fg":1}],["                                                                            ",{}]]},"cursor":{"x":25}}],[0.000273,{}],[0.751996,{"lines":{"36":[["code/stderred",{"fg":4}],[" ",{}],["(cmake",{"fg":3}],["?",{"fg":4}],[")",{"fg":3}],[" ",{}],["%",{"fg":1}],[" LD_PRELOAD=$PWD/build/libstderred.so ls abc                                ",{}]]},"cursor":{"x":68}}],[0.48308,{"lines":{"36":[["code/stderred",{"fg":4}],[" ",{}],["(cmake",{"fg":3}],["?",{"fg":4}],[")",{"fg":3}],[" ",{}],["%",{"fg":1}],[" LD_PRELOAD=$PWD/build/libstderred.so ls                                    ",{}]]},"cursor":{"x":65}}],[0.422594,{"lines":{"36":[["code/stderred",{"fg":4}],[" ",{}],["(cmake",{"fg":3}],["?",{"fg":4}],[")",{"fg":3}],[" ",{}],["%",{"fg":1}],[" LD_PRELOAD=$PWD/build/libstderred.so                                       ",{}]]},"cursor":{"x":62}}],[1.011533,{"lines":{"36":[["code/stderred",{"fg":4}],[" ",{}],["(cmake",{"fg":3}],["?",{"fg":4}],[")",{"fg":3}],[" ",{}],["%",{"fg":1}],[" LD_PRELOAD=$PWD/build/libstderred.so c                                     ",{}]]},"cursor":{"x":63}}],[0.141114,{"lines":{"36":[["code/stderred",{"fg":4}],[" ",{}],["(cmake",{"fg":3}],["?",{"fg":4}],[")",{"fg":3}],[" ",{}],["%",{"fg":1}],[" LD_PRELOAD=$PWD/build/libstderred.so ca                                    ",{}]]},"cursor":{"x":64}}],[0.328286,{"lines":{"36":[["code/stderred",{"fg":4}],[" ",{}],["(cmake",{"fg":3}],["?",{"fg":4}],[")",{"fg":3}],[" ",{}],["%",{"fg":1}],[" LD_PRELOAD=$PWD/build/libstderred.so cat                                   ",{}]]},"cursor":{"x":65}}],[0.113279,{"cursor":{"x":66}}],[0.250305,{"lines":{"36":[["code/stderred",{"fg":4}],[" ",{}],["(cmake",{"fg":3}],["?",{"fg":4}],[")",{"fg":3}],[" ",{}],["%",{"fg":1}],[" LD_PRELOAD=$PWD/build/libstderred.so cat s                                 ",{}]]},"cursor":{"x":67}}],[0.015401,{"lines":{"36":[["code/stderred",{"fg":4}],[" ",{}],["(cmake",{"fg":3}],["?",{"fg":4}],[")",{"fg":3}],[" ",{}],["%",{"fg":1}],[" LD_PRELOAD=$PWD/build/libstderred.so cat sd                                ",{}]]},"cursor":{"x":68}}],[0.133378,{"lines":{"36":[["code/stderred",{"fg":4}],[" ",{}],["(cmake",{"fg":3}],["?",{"fg":4}],[")",{"fg":3}],[" ",{}],["%",{"fg":1}],[" LD_PRELOAD=$PWD/build/libstderred.so cat sdf                               ",{}]]},"cursor":{"x":69}}],[0.078246,{"lines":{"36":[["code/stderred",{"fg":4}],[" ",{}],["(cmake",{"fg":3}],["?",{"fg":4}],[")",{"fg":3}],[" ",{}],["%",{"fg":1}],[" LD_PRELOAD=$PWD/build/libstderred.so cat sdfd                              ",{}]]},"cursor":{"x":70}}],[0.000682,{"lines":{"36":[["code/stderred",{"fg":4}],[" ",{}],["(cmake",{"fg":3}],["?",{"fg":4}],[")",{"fg":3}],[" ",{}],["%",{"fg":1}],[" LD_PRELOAD=$PWD/build/libstderred.so cat sdfds                             ",{}]]},"cursor":{"x":71}}],[0.020161,{"lines":{"36":[["code/stderred",{"fg":4}],[" ",{}],["(cmake",{"fg":3}],["?",{"fg":4}],[")",{"fg":3}],[" ",{}],["%",{"fg":1}],[" LD_PRELOAD=$PWD/build/libstderred.so cat sdfdsa                            ",{}]]},"cursor":{"x":72}}],[0.109317,{"lines":{"36":[["code/stderred",{"fg":4}],[" ",{}],["(cmake",{"fg":3}],["?",{"fg":4}],[")",{"fg":3}],[" ",{}],["%",{"fg":1}],[" LD_PRELOAD=$PWD/build/libstderred.so cat sdfdsaf                           ",{}]]},"cursor":{"x":73}}],[0.06095,{"lines":{"36":[["code/stderred",{"fg":4}],[" ",{}],["(cmake",{"fg":3}],["?",{"fg":4}],[")",{"fg":3}],[" ",{}],["%",{"fg":1}],[" LD_PRELOAD=$PWD/build/libstderred.so cat sdfdsafd                          ",{}]]},"cursor":{"x":74}}],[0.001228,{"lines":{"36":[["code/stderred",{"fg":4}],[" ",{}],["(cmake",{"fg":3}],["?",{"fg":4}],[")",{"fg":3}],[" ",{}],["%",{"fg":1}],[" LD_PRELOAD=$PWD/build/libstderred.so cat sdfdsafdsa                        ",{}]]},"cursor":{"x":76}}],[0.310503,{"lines":{"0":[["Running tests...",{"fg":6}],["                                                                                    ",{}]],"1":[["Test project /home/kill/Dropbox/code/stderred/build",{}],["                                                 ",{"fg":6}]],"2":[["      Start  1: printf                                                                              ",{}]],"3":[[" 1/13 Test  #1: printf ...........................   Passed    0.00 sec                             ",{}]],"4":[["      Start  2: write                                                                               ",{}]],"5":[[" 2/13 Test  #2: write ............................   Passed    0.00 sec                             ",{}]],"6":[["      Start  3: fprintf                                                                             ",{}]],"7":[[" 3/13 Test  #3: fprintf ..........................   Passed    0.00 sec                             ",{}]],"8":[["      Start  4: fwrite                                                                              ",{}]],"9":[[" 4/13 Test  #4: fwrite ...........................   Passed    0.00 sec                             ",{}]],"10":[["      Start  5: fwrite_unlocked                                                                     ",{}]],"11":[[" 5/13 Test  #5: fwrite_unlocked ..................   Passed    0.01 sec                             ",{}]],"12":[["      Start  6: fputc                                                                               ",{}]],"13":[[" 6/13 Test  #6: fputc ............................   Passed    0.00 sec                             ",{}]],"14":[["      Start  7: fputc_unlocked                                                                      ",{}]],"15":[[" 7/13 Test  #7: fputc_unlocked ...................   Passed    0.00 sec                             ",{}]],"16":[["      Start  8: fputs                                                                               ",{}]],"17":[[" 8/13 Test  #8: fputs ............................   Passed    0.00 sec                             ",{}]],"18":[["      Start  9: fputs_unlocked                                                                      ",{}]],"19":[[" 9/13 Test  #9: fputs_unlocked ...................   Passed    0.00 sec                             ",{}]],"20":[["      Start 10: vfprintf                                                                            ",{}]],"21":[["10/13 Test #10: vfprintf .........................   Passed    0.00 sec                             ",{}]],"22":[["      Start 11: perror                                                                              ",{}]],"23":[["11/13 Test #11: perror ...........................   Passed    0.00 sec                             ",{}]],"24":[["      Start 12: error                                                                               ",{}]],"25":[["12/13 Test #12: error ............................   Passed    0.01 sec                             ",{}]],"26":[["      Start 13: error_at_line                                                                       ",{}]],"27":[["13/13 Test #13: error_at_line ....................   Passed    0.00 sec                             ",{}]],"28":[["                                                                                                    ",{}]],"29":[["100% tests passed, 0 tests failed out of 13                                                         ",{}]],"30":[["                                                                                                    ",{}]],"31":[["Total Test time (real) =   0.09 sec                                                                 ",{}]],"32":[["make[1]: Leaving directory `/home/kill/Dropbox/code/stderred/build'                                 ",{}]],"33":[["code/stderred",{"fg":4}],[" ",{}],["(cmake",{"fg":3}],["?",{"fg":4}],[")",{"fg":3}],[" % LD_PRELOAD=$PWD/build/libstderred.so ls abc                                ",{}]],"34":[["ls: cannot access ATUS: No such file or directory                                                ",{}]],"35":[["code/stderred",{"fg":4}],[" ",{}],["(cmake",{"fg":3}],["?",{"fg":4}],[")",{"fg":3}],[" ",{}],["%",{"fg":1}],[" LD_PRELOAD=$PWD/build/libstderred.so cat sdfdsafdsa                        ",{}]],"36":[["                                                                                                    ",{}]]},"cursor":{"x":0}}],[0.003472,{"lines":{"0":[["Test project /home/kill/Dropbox/code/stderred/build",{}],["                                                 ",{"fg":6}]],"1":[["      Start  1: printf                                                                              ",{}]],"2":[[" 1/13 Test  #1: printf ...........................   Passed    0.00 sec                             ",{}]],"3":[["      Start  2: write                                                                               ",{}]],"4":[[" 2/13 Test  #2: write ............................   Passed    0.00 sec                             ",{}]],"5":[["      Start  3: fprintf                                                                             ",{}]],"6":[[" 3/13 Test  #3: fprintf ..........................   Passed    0.00 sec                             ",{}]],"7":[["      Start  4: fwrite                                                                              ",{}]],"8":[[" 4/13 Test  #4: fwrite ...........................   Passed    0.00 sec                             ",{}]],"9":[["      Start  5: fwrite_unlocked                                                                     ",{}]],"10":[[" 5/13 Test  #5: fwrite_unlocked ..................   Passed    0.01 sec                             ",{}]],"11":[["      Start  6: fputc                                                                               ",{}]],"12":[[" 6/13 Test  #6: fputc ............................   Passed    0.00 sec                             ",{}]],"13":[["      Start  7: fputc_unlocked                                                                      ",{}]],"14":[[" 7/13 Test  #7: fputc_unlocked ...................   Passed    0.00 sec                             ",{}]],"15":[["      Start  8: fputs                                                                               ",{}]],"16":[[" 8/13 Test  #8: fputs ............................   Passed    0.00 sec                             ",{}]],"17":[["      Start  9: fputs_unlocked                                                                      ",{}]],"18":[[" 9/13 Test  #9: fputs_unlocked ...................   Passed    0.00 sec                             ",{}]],"19":[["      Start 10: vfprintf                                                                            ",{}]],"20":[["10/13 Test #10: vfprintf .........................   Passed    0.00 sec                             ",{}]],"21":[["      Start 11: perror                                                                              ",{}]],"22":[["11/13 Test #11: perror ...........................   Passed    0.00 sec                             ",{}]],"23":[["      Start 12: error                                                                               ",{}]],"24":[["12/13 Test #12: error ............................   Passed    0.01 sec                             ",{}]],"25":[["      Start 13: error_at_line                                                                       ",{}]],"26":[["13/13 Test #13: error_at_line ....................   Passed    0.00 sec                             ",{}]],"27":[["                                                                                                    ",{}]],"28":[["100% tests passed, 0 tests failed out of 13                                                         ",{}]],"29":[["                                                                                                    ",{}]],"30":[["Total Test time (real) =   0.09 sec                                                                 ",{}]],"31":[["make[1]: Leaving directory `/home/kill/Dropbox/code/stderred/build'                                 ",{}]],"32":[["code/stderred",{"fg":4}],[" ",{}],["(cmake",{"fg":3}],["?",{"fg":4}],[")",{"fg":3}],[" % LD_PRELOAD=$PWD/build/libstderred.so ls abc                                ",{}]],"33":[["ls: cannot access ATUS: No such file or directory                                                ",{}]],"34":[["code/stderred",{"fg":4}],[" ",{}],["(cmake",{"fg":3}],["?",{"fg":4}],[")",{"fg":3}],[" ",{}],["%",{"fg":1}],[" LD_PRELOAD=$PWD/build/libstderred.so cat sdfdsafdsa                        ",{}]],"35":[["cat: ATUS: No such file or directory                                                             ",{}]]}}],[0.018722,{"lines":{"36":[["code/stderred",{"fg":4}],[" ",{}],["(cmake",{"fg":3}],["?",{"fg":4}],[")",{"fg":3}],[" ",{}],["%",{"fg":1}],["                                                                            ",{}]]},"cursor":{"x":25}}],[0.000234,{}],[1.683638,{"lines":{"36":[["code/stderred",{"fg":4}],[" ",{}],["(cmake",{"fg":3}],["?",{"fg":4}],[")",{"fg":3}],[" ",{}],["%",{"fg":1}],[" LD_PRELOAD=$PWD/build/libstderred.so cat sdfdsafdsa                        ",{}]]},"cursor":{"x":76}}],[1.204211,{"lines":{"36":[["code/stderred",{"fg":4}],[" ",{}],["(cmake",{"fg":3}],["?",{"fg":4}],[")",{"fg":3}],[" ",{}],["%",{"fg":1}],[" LD_PRELOAD=$PWD/build/libstderred.so cat                                   ",{}]]},"cursor":{"x":66}}],[0.190262,{"lines":{"36":[["code/stderred",{"fg":4}],[" ",{}],["(cmake",{"fg":3}],["?",{"fg":4}],[")",{"fg":3}],[" ",{}],["%",{"fg":1}],[" LD_PRELOAD=$PWD/build/libstderred.so                                       ",{}]]},"cursor":{"x":62}}],[0.557602,{"lines":{"36":[["code/stderred",{"fg":4}],[" ",{}],["(cmake",{"fg":3}],["?",{"fg":4}],[")",{"fg":3}],[" ",{}],["%",{"fg":1}],[" LD_PRELOAD=$PWD/build/libstderred.so l                                     ",{}]]},"cursor":{"x":63}}],[0.062794,{"lines":{"36":[["code/stderred",{"fg":4}],[" ",{}],["(cmake",{"fg":3}],["?",{"fg":4}],[")",{"fg":3}],[" ",{}],["%",{"fg":1}],[" LD_PRELOAD=$PWD/build/libstderred.so le                                    ",{}]]},"cursor":{"x":64}}],[0.217325,{"lines":{"36":[["code/stderred",{"fg":4}],[" ",{}],["(cmake",{"fg":3}],["?",{"fg":4}],[")",{"fg":3}],[" ",{}],["%",{"fg":1}],[" LD_PRELOAD=$PWD/build/libstderred.so les                                   ",{}]]},"cursor":{"x":65}}],[0.158914,{"lines":{"36":[["code/stderred",{"fg":4}],[" ",{}],["(cmake",{"fg":3}],["?",{"fg":4}],[")",{"fg":3}],[" ",{}],["%",{"fg":1}],[" LD_PRELOAD=$PWD/build/libstderred.so less                                  ",{}]]},"cursor":{"x":66}}],[0.09096899999999999,{"cursor":{"x":67}}],[0.226075,{"lines":{"36":[["code/stderred",{"fg":4}],[" ",{}],["(cmake",{"fg":3}],["?",{"fg":4}],[")",{"fg":3}],[" ",{}],["%",{"fg":1}],[" LD_PRELOAD=$PWD/build/libstderred.so less s                                ",{}]]},"cursor":{"x":68}}],[0.015112,{"lines":{"36":[["code/stderred",{"fg":4}],[" ",{}],["(cmake",{"fg":3}],["?",{"fg":4}],[")",{"fg":3}],[" ",{}],["%",{"fg":1}],[" LD_PRELOAD=$PWD/build/libstderred.so less sd                               ",{}]]},"cursor":{"x":69}}],[0.10173,{"lines":{"36":[["code/stderred",{"fg":4}],[" ",{}],["(cmake",{"fg":3}],["?",{"fg":4}],[")",{"fg":3}],[" ",{}],["%",{"fg":1}],[" LD_PRELOAD=$PWD/build/libstderred.so less sdf                              ",{}]]},"cursor":{"x":70}}],[0.09501,{"lines":{"36":[["code/stderred",{"fg":4}],[" ",{}],["(cmake",{"fg":3}],["?",{"fg":4}],[")",{"fg":3}],[" ",{}],["%",{"fg":1}],[" LD_PRELOAD=$PWD/build/libstderred.so less sdfs                             ",{}]]},"cursor":{"x":71}}],[0.013605,{"lines":{"36":[["code/stderred",{"fg":4}],[" ",{}],["(cmake",{"fg":3}],["?",{"fg":4}],[")",{"fg":3}],[" ",{}],["%",{"fg":1}],[" LD_PRELOAD=$PWD/build/libstderred.so less sdfsd                            ",{}]]},"cursor":{"x":72}}],[0.030236,{"lines":{"36":[["code/stderred",{"fg":4}],[" ",{}],["(cmake",{"fg":3}],["?",{"fg":4}],[")",{"fg":3}],[" ",{}],["%",{"fg":1}],[" LD_PRELOAD=$PWD/build/libstderred.so less sdfsda                           ",{}]]},"cursor":{"x":73}}],[0.06414400000000001,{"lines":{"36":[["code/stderred",{"fg":4}],[" ",{}],["(cmake",{"fg":3}],["?",{"fg":4}],[")",{"fg":3}],[" ",{}],["%",{"fg":1}],[" LD_PRELOAD=$PWD/build/libstderred.so less sdfsdaf                          ",{}]]},"cursor":{"x":74}}],[0.037428,{"lines":{"36":[["code/stderred",{"fg":4}],[" ",{}],["(cmake",{"fg":3}],["?",{"fg":4}],[")",{"fg":3}],[" ",{}],["%",{"fg":1}],[" LD_PRELOAD=$PWD/build/libstderred.so less sdfsdafs                         ",{}]]},"cursor":{"x":75}}],[0.200545,{"lines":{"0":[["      Start  1: printf                                                                              ",{}]],"1":[[" 1/13 Test  #1: printf ...........................   Passed    0.00 sec                             ",{}]],"2":[["      Start  2: write                                                                               ",{}]],"3":[[" 2/13 Test  #2: write ............................   Passed    0.00 sec                             ",{}]],"4":[["      Start  3: fprintf                                                                             ",{}]],"5":[[" 3/13 Test  #3: fprintf ..........................   Passed    0.00 sec                             ",{}]],"6":[["      Start  4: fwrite                                                                              ",{}]],"7":[[" 4/13 Test  #4: fwrite ...........................   Passed    0.00 sec                             ",{}]],"8":[["      Start  5: fwrite_unlocked                                                                     ",{}]],"9":[[" 5/13 Test  #5: fwrite_unlocked ..................   Passed    0.01 sec                             ",{}]],"10":[["      Start  6: fputc                                                                               ",{}]],"11":[[" 6/13 Test  #6: fputc ............................   Passed    0.00 sec                             ",{}]],"12":[["      Start  7: fputc_unlocked                                                                      ",{}]],"13":[[" 7/13 Test  #7: fputc_unlocked ...................   Passed    0.00 sec                             ",{}]],"14":[["      Start  8: fputs                                                                               ",{}]],"15":[[" 8/13 Test  #8: fputs ............................   Passed    0.00 sec                             ",{}]],"16":[["      Start  9: fputs_unlocked                                                                      ",{}]],"17":[[" 9/13 Test  #9: fputs_unlocked ...................   Passed    0.00 sec                             ",{}]],"18":[["      Start 10: vfprintf                                                                            ",{}]],"19":[["10/13 Test #10: vfprintf .........................   Passed    0.00 sec                             ",{}]],"20":[["      Start 11: perror                                                                              ",{}]],"21":[["11/13 Test #11: perror ...........................   Passed    0.00 sec                             ",{}]],"22":[["      Start 12: error                                                                               ",{}]],"23":[["12/13 Test #12: error ............................   Passed    0.01 sec                             ",{}]],"24":[["      Start 13: error_at_line                                                                       ",{}]],"25":[["13/13 Test #13: error_at_line ....................   Passed    0.00 sec                             ",{}]],"26":[["                                                                                                    ",{}]],"27":[["100% tests passed, 0 tests failed out of 13                                                         ",{}]],"28":[["                                                                                                    ",{}]],"29":[["Total Test time (real) =   0.09 sec                                                                 ",{}]],"30":[["make[1]: Leaving directory `/home/kill/Dropbox/code/stderred/build'                                 ",{}]],"31":[["code/stderred",{"fg":4}],[" ",{}],["(cmake",{"fg":3}],["?",{"fg":4}],[")",{"fg":3}],[" % LD_PRELOAD=$PWD/build/libstderred.so ls abc                                ",{}]],"32":[["ls: cannot access ATUS: No such file or directory                                                ",{}]],"33":[["code/stderred",{"fg":4}],[" ",{}],["(cmake",{"fg":3}],["?",{"fg":4}],[")",{"fg":3}],[" ",{}],["%",{"fg":1}],[" LD_PRELOAD=$PWD/build/libstderred.so cat sdfdsafdsa                        ",{}]],"34":[["cat: ATUS: No such file or directory                                                             ",{}]],"35":[["code/stderred",{"fg":4}],[" ",{}],["(cmake",{"fg":3}],["?",{"fg":4}],[")",{"fg":3}],[" ",{}],["%",{"fg":1}],[" LD_PRELOAD=$PWD/build/libstderred.so less sdfsdafs                         ",{}]],"36":[["                                                                                                    ",{}]]},"cursor":{"x":0}}],[0.005606,{"lines":{"0":[[" 1/13 Test  #1: printf ...........................   Passed    0.00 sec                             ",{}]],"1":[["      Start  2: write                                                                               ",{}]],"2":[[" 2/13 Test  #2: write ............................   Passed    0.00 sec                             ",{}]],"3":[["      Start  3: fprintf                                                                             ",{}]],"4":[[" 3/13 Test  #3: fprintf ..........................   Passed    0.00 sec                             ",{}]],"5":[["      Start  4: fwrite                                                                              ",{}]],"6":[[" 4/13 Test  #4: fwrite ...........................   Passed    0.00 sec                             ",{}]],"7":[["      Start  5: fwrite_unlocked                                                                     ",{}]],"8":[[" 5/13 Test  #5: fwrite_unlocked ..................   Passed    0.01 sec                             ",{}]],"9":[["      Start  6: fputc                                                                               ",{}]],"10":[[" 6/13 Test  #6: fputc ............................   Passed    0.00 sec                             ",{}]],"11":[["      Start  7: fputc_unlocked                                                                      ",{}]],"12":[[" 7/13 Test  #7: fputc_unlocked ...................   Passed    0.00 sec                             ",{}]],"13":[["      Start  8: fputs                                                                               ",{}]],"14":[[" 8/13 Test  #8: fputs ............................   Passed    0.00 sec                             ",{}]],"15":[["      Start  9: fputs_unlocked                                                                      ",{}]],"16":[[" 9/13 Test  #9: fputs_unlocked ...................   Passed    0.00 sec                             ",{}]],"17":[["      Start 10: vfprintf                                                                            ",{}]],"18":[["10/13 Test #10: vfprintf .........................   Passed    0.00 sec                             ",{}]],"19":[["      Start 11: perror                                                                              ",{}]],"20":[["11/13 Test #11: perror ...........................   Passed    0.00 sec                             ",{}]],"21":[["      Start 12: error                                                                               ",{}]],"22":[["12/13 Test #12: error ............................   Passed    0.01 sec                             ",{}]],"23":[["      Start 13: error_at_line                                                                       ",{}]],"24":[["13/13 Test #13: error_at_line ....................   Passed    0.00 sec                             ",{}]],"25":[["                                                                                                    ",{}]],"26":[["100% tests passed, 0 tests failed out of 13                                                         ",{}]],"27":[["                                                                                                    ",{}]],"28":[["Total Test time (real) =   0.09 sec                                                                 ",{}]],"29":[["make[1]: Leaving directory `/home/kill/Dropbox/code/stderred/build'                                 ",{}]],"30":[["code/stderred",{"fg":4}],[" ",{}],["(cmake",{"fg":3}],["?",{"fg":4}],[")",{"fg":3}],[" % LD_PRELOAD=$PWD/build/libstderred.so ls abc                                ",{}]],"31":[["ls: cannot access ATUS: No such file or directory                                                ",{}]],"32":[["code/stderred",{"fg":4}],[" ",{}],["(cmake",{"fg":3}],["?",{"fg":4}],[")",{"fg":3}],[" ",{}],["%",{"fg":1}],[" LD_PRELOAD=$PWD/build/libstderred.so cat sdfdsafdsa                        ",{}]],"33":[["cat: ATUS: No such file or directory                                                             ",{}]],"34":[["code/stderred",{"fg":4}],[" ",{}],["(cmake",{"fg":3}],["?",{"fg":4}],[")",{"fg":3}],[" ",{}],["%",{"fg":1}],[" LD_PRELOAD=$PWD/build/libstderred.so less sdfsdafs                         ",{}]],"35":[["sdfsdafs: No such file or directory",{"fg":1}],["                                                                 ",{}]]}}],[0.033561,{"lines":{"36":[["code/stderred",{"fg":4}],[" ",{}],["(cmake",{"fg":3}],["?",{"fg":4}],[")",{"fg":3}],[" ",{}],["%",{"fg":1}],["                                                                            ",{}]]},"cursor":{"x":25}}],[0.600959,{"lines":{"36":[["code/stderred",{"fg":4}],[" ",{}],["(cmake",{"fg":3}],["?",{"fg":4}],[")",{"fg":3}],[" ",{}],["%",{"fg":1}],[" LD_PRELOAD=$PWD/build/libstderred.so less sdfsdafs                         ",{}]]},"cursor":{"x":75}}],[0.395975,{"lines":{"36":[["code/stderred",{"fg":4}],[" ",{}],["(cmake",{"fg":3}],["?",{"fg":4}],[")",{"fg":3}],[" ",{}],["%",{"fg":1}],[" LD_PRELOAD=$PWD/build/libstderred.so less                                  ",{}]]},"cursor":{"x":67}}],[0.261464,{"lines":{"36":[["code/stderred",{"fg":4}],[" ",{}],["(cmake",{"fg":3}],["?",{"fg":4}],[")",{"fg":3}],[" ",{}],["%",{"fg":1}],[" LD_PRELOAD=$PWD/build/libstderred.so                                       ",{}]]},"cursor":{"x":62}}],[0.411019,{"lines":{"36":[["code/stderred",{"fg":4}],[" ",{}],["(cmake",{"fg":3}],["?",{"fg":4}],[")",{"fg":3}],[" ",{}],["%",{"fg":1}],[" LD_PRELOAD=$PWD/build/libstderred.so t                                     ",{}]]},"cursor":{"x":63}}],[0.228942,{"lines":{"36":[["code/stderred",{"fg":4}],[" ",{}],["(cmake",{"fg":3}],["?",{"fg":4}],[")",{"fg":3}],[" ",{}],["%",{"fg":1}],[" LD_PRELOAD=$PWD/build/libstderred.so ta                                    ",{}]]},"cursor":{"x":64}}],[0.136778,{"lines":{"36":[["code/stderred",{"fg":4}],[" ",{}],["(cmake",{"fg":3}],["?",{"fg":4}],[")",{"fg":3}],[" ",{}],["%",{"fg":1}],[" LD_PRELOAD=$PWD/build/libstderred.so tai                                   ",{}]]},"cursor":{"x":65}}],[0.246799,{"lines":{"36":[["code/stderred",{"fg":4}],[" ",{}],["(cmake",{"fg":3}],["?",{"fg":4}],[")",{"fg":3}],[" ",{}],["%",{"fg":1}],[" LD_PRELOAD=$PWD/build/libstderred.so tail                                  ",{}]]},"cursor":{"x":66}}],[0.103144,{"cursor":{"x":67}}],[0.298825,{"lines":{"36":[["code/stderred",{"fg":4}],[" ",{}],["(cmake",{"fg":3}],["?",{"fg":4}],[")",{"fg":3}],[" ",{}],["%",{"fg":1}],[" LD_PRELOAD=$PWD/build/libstderred.so tail ds                               ",{}]]},"cursor":{"x":69}}],[0.06252099999999999,{"lines":{"36":[["code/stderred",{"fg":4}],[" ",{}],["(cmake",{"fg":3}],["?",{"fg":4}],[")",{"fg":3}],[" ",{}],["%",{"fg":1}],[" LD_PRELOAD=$PWD/build/libstderred.so tail dsf                              ",{}]]},"cursor":{"x":70}}],[0.111855,{"lines":{"36":[["code/stderred",{"fg":4}],[" ",{}],["(cmake",{"fg":3}],["?",{"fg":4}],[")",{"fg":3}],[" ",{}],["%",{"fg":1}],[" LD_PRELOAD=$PWD/build/libstderred.so tail dsfs                             ",{}]]},"cursor":{"x":71}}],[0.043962,{"lines":{"36":[["code/stderred",{"fg":4}],[" ",{}],["(cmake",{"fg":3}],["?",{"fg":4}],[")",{"fg":3}],[" ",{}],["%",{"fg":1}],[" LD_PRELOAD=$PWD/build/libstderred.so tail dsfsa                            ",{}]]},"cursor":{"x":72}}],[0.032067,{"lines":{"36":[["code/stderred",{"fg":4}],[" ",{}],["(cmake",{"fg":3}],["?",{"fg":4}],[")",{"fg":3}],[" ",{}],["%",{"fg":1}],[" LD_PRELOAD=$PWD/build/libstderred.so tail dsfsaf                           ",{}]]},"cursor":{"x":73}}],[0.207704,{"lines":{"0":[["      Start  2: write                                                                               ",{}]],"1":[[" 2/13 Test  #2: write ............................   Passed    0.00 sec                             ",{}]],"2":[["      Start  3: fprintf                                                                             ",{}]],"3":[[" 3/13 Test  #3: fprintf ..........................   Passed    0.00 sec                             ",{}]],"4":[["      Start  4: fwrite                                                                              ",{}]],"5":[[" 4/13 Test  #4: fwrite ...........................   Passed    0.00 sec                             ",{}]],"6":[["      Start  5: fwrite_unlocked                                                                     ",{}]],"7":[[" 5/13 Test  #5: fwrite_unlocked ..................   Passed    0.01 sec                             ",{}]],"8":[["      Start  6: fputc                                                                               ",{}]],"9":[[" 6/13 Test  #6: fputc ............................   Passed    0.00 sec                             ",{}]],"10":[["      Start  7: fputc_unlocked                                                                      ",{}]],"11":[[" 7/13 Test  #7: fputc_unlocked ...................   Passed    0.00 sec                             ",{}]],"12":[["      Start  8: fputs                                                                               ",{}]],"13":[[" 8/13 Test  #8: fputs ............................   Passed    0.00 sec                             ",{}]],"14":[["      Start  9: fputs_unlocked                                                                      ",{}]],"15":[[" 9/13 Test  #9: fputs_unlocked ...................   Passed    0.00 sec                             ",{}]],"16":[["      Start 10: vfprintf                                                                            ",{}]],"17":[["10/13 Test #10: vfprintf .........................   Passed    0.00 sec                             ",{}]],"18":[["      Start 11: perror                                                                              ",{}]],"19":[["11/13 Test #11: perror ...........................   Passed    0.00 sec                             ",{}]],"20":[["      Start 12: error                                                                               ",{}]],"21":[["12/13 Test #12: error ............................   Passed    0.01 sec                             ",{}]],"22":[["      Start 13: error_at_line                                                                       ",{}]],"23":[["13/13 Test #13: error_at_line ....................   Passed    0.00 sec                             ",{}]],"24":[["                                                                                                    ",{}]],"25":[["100% tests passed, 0 tests failed out of 13                                                         ",{}]],"26":[["                                                                                                    ",{}]],"27":[["Total Test time (real) =   0.09 sec                                                                 ",{}]],"28":[["make[1]: Leaving directory `/home/kill/Dropbox/code/stderred/build'                                 ",{}]],"29":[["code/stderred",{"fg":4}],[" ",{}],["(cmake",{"fg":3}],["?",{"fg":4}],[")",{"fg":3}],[" % LD_PRELOAD=$PWD/build/libstderred.so ls abc                                ",{}]],"30":[["ls: cannot access ATUS: No such file or directory                                                ",{}]],"31":[["code/stderred",{"fg":4}],[" ",{}],["(cmake",{"fg":3}],["?",{"fg":4}],[")",{"fg":3}],[" ",{}],["%",{"fg":1}],[" LD_PRELOAD=$PWD/build/libstderred.so cat sdfdsafdsa                        ",{}]],"32":[["cat: ATUS: No such file or directory                                                             ",{}]],"33":[["code/stderred",{"fg":4}],[" ",{}],["(cmake",{"fg":3}],["?",{"fg":4}],[")",{"fg":3}],[" ",{}],["%",{"fg":1}],[" LD_PRELOAD=$PWD/build/libstderred.so less sdfsdafs                         ",{}]],"34":[["sdfsdafs: No such file or directory",{"fg":1}],["                                                                 ",{}]],"35":[["code/stderred",{"fg":4}],[" ",{}],["(cmake",{"fg":3}],["?",{"fg":4}],[")",{"fg":3}],[" ",{}],["%",{"fg":1}],[" LD_PRELOAD=$PWD/build/libstderred.so tail dsfsaf                           ",{}]],"36":[["                                                                                                    ",{}]]},"cursor":{"x":0}}],[0.00529,{"lines":{"0":[[" 2/13 Test  #2: write ............................   Passed    0.00 sec                             ",{}]],"1":[["      Start  3: fprintf                                                                             ",{}]],"2":[[" 3/13 Test  #3: fprintf ..........................   Passed    0.00 sec                             ",{}]],"3":[["      Start  4: fwrite                                                                              ",{}]],"4":[[" 4/13 Test  #4: fwrite ...........................   Passed    0.00 sec                             ",{}]],"5":[["      Start  5: fwrite_unlocked                                                                     ",{}]],"6":[[" 5/13 Test  #5: fwrite_unlocked ..................   Passed    0.01 sec                             ",{}]],"7":[["      Start  6: fputc                                                                               ",{}]],"8":[[" 6/13 Test  #6: fputc ............................   Passed    0.00 sec                             ",{}]],"9":[["      Start  7: fputc_unlocked                                                                      ",{}]],"10":[[" 7/13 Test  #7: fputc_unlocked ...................   Passed    0.00 sec                             ",{}]],"11":[["      Start  8: fputs                                                                               ",{}]],"12":[[" 8/13 Test  #8: fputs ............................   Passed    0.00 sec                             ",{}]],"13":[["      Start  9: fputs_unlocked                                                                      ",{}]],"14":[[" 9/13 Test  #9: fputs_unlocked ...................   Passed    0.00 sec                             ",{}]],"15":[["      Start 10: vfprintf                                                                            ",{}]],"16":[["10/13 Test #10: vfprintf .........................   Passed    0.00 sec                             ",{}]],"17":[["      Start 11: perror                                                                              ",{}]],"18":[["11/13 Test #11: perror ...........................   Passed    0.00 sec                             ",{}]],"19":[["      Start 12: error                                                                               ",{}]],"20":[["12/13 Test #12: error ............................   Passed    0.01 sec                             ",{}]],"21":[["      Start 13: error_at_line                                                                       ",{}]],"22":[["13/13 Test #13: error_at_line ....................   Passed    0.00 sec                             ",{}]],"23":[["                                                                                                    ",{}]],"24":[["100% tests passed, 0 tests failed out of 13                                                         ",{}]],"25":[["                                                                                                    ",{}]],"26":[["Total Test time (real) =   0.09 sec                                                                 ",{}]],"27":[["make[1]: Leaving directory `/home/kill/Dropbox/code/stderred/build'                                 ",{}]],"28":[["code/stderred",{"fg":4}],[" ",{}],["(cmake",{"fg":3}],["?",{"fg":4}],[")",{"fg":3}],[" % LD_PRELOAD=$PWD/build/libstderred.so ls abc                                ",{}]],"29":[["ls: cannot access ATUS: No such file or directory                                                ",{}]],"30":[["code/stderred",{"fg":4}],[" ",{}],["(cmake",{"fg":3}],["?",{"fg":4}],[")",{"fg":3}],[" ",{}],["%",{"fg":1}],[" LD_PRELOAD=$PWD/build/libstderred.so cat sdfdsafdsa                        ",{}]],"31":[["cat: ATUS: No such file or directory                                                             ",{}]],"32":[["code/stderred",{"fg":4}],[" ",{}],["(cmake",{"fg":3}],["?",{"fg":4}],[")",{"fg":3}],[" ",{}],["%",{"fg":1}],[" LD_PRELOAD=$PWD/build/libstderred.so less sdfsdafs                         ",{}]],"33":[["sdfsdafs: No such file or directory",{"fg":1}],["                                                                 ",{}]],"34":[["code/stderred",{"fg":4}],[" ",{}],["(cmake",{"fg":3}],["?",{"fg":4}],[")",{"fg":3}],[" ",{}],["%",{"fg":1}],[" LD_PRELOAD=$PWD/build/libstderred.so tail dsfsaf                           ",{}]],"35":[["tail: cannot open ATUS for reading: No such file or directory                                    ",{}]]}}],[0.037405,{"lines":{"36":[["code/stderred",{"fg":4}],[" ",{}],["(cmake",{"fg":3}],["?",{"fg":4}],[")",{"fg":3}],[" ",{}],["%",{"fg":1}],["                                                                            ",{}]]},"cursor":{"x":25}}],[1.029971,{"lines":{"36":[["code/stderred",{"fg":4}],[" ",{}],["(cmake",{"fg":3}],["?",{"fg":4}],[")",{"fg":3}],[" ",{}],["%",{"fg":1}],[" LD_PRELOAD=$PWD/build/libstderred.so tail dsfsaf                           ",{}]]},"cursor":{"x":73}}],[0.418926,{"lines":{"36":[["code/stderred",{"fg":4}],[" ",{}],["(cmake",{"fg":3}],["?",{"fg":4}],[")",{"fg":3}],[" ",{}],["%",{"fg":1}],[" LD_PRELOAD=$PWD/build/libstderred.so tail                                  ",{}]]},"cursor":{"x":67}}],[0.230624,{"lines":{"36":[["code/stderred",{"fg":4}],[" ",{}],["(cmake",{"fg":3}],["?",{"fg":4}],[")",{"fg":3}],[" ",{}],["%",{"fg":1}],[" LD_PRELOAD=$PWD/build/libstderred.so                                       ",{}]]},"cursor":{"x":62}}],[1.364343,{"lines":{"36":[["code/stderred",{"fg":4}],[" ",{}],["(cmake",{"fg":3}],["?",{"fg":4}],[")",{"fg":3}],[" ",{}],["%",{"fg":1}],[" LD_PRELOAD=$PWD/build/libstderred.so r                                     ",{}]]},"cursor":{"x":63}}],[0.099326,{"lines":{"36":[["code/stderred",{"fg":4}],[" ",{}],["(cmake",{"fg":3}],["?",{"fg":4}],[")",{"fg":3}],[" ",{}],["%",{"fg":1}],[" LD_PRELOAD=$PWD/build/libstderred.so less sdfsdafs                         ",{}]]},"cursor":{"x":75}}],[0.41486,{"lines":{"36":[["code/stderred",{"fg":4}],[" ",{}],["(cmake",{"fg":3}],["?",{"fg":4}],[")",{"fg":3}],[" ",{}],["%",{"fg":1}],[" LD_PRELOAD=$PWD/build/libstderred.so cat sdfdsafdsa                        ",{}]]},"cursor":{"x":76}}],[0.238957,{"lines":{"36":[["code/stderred",{"fg":4}],[" ",{}],["(cmake",{"fg":3}],["?",{"fg":4}],[")",{"fg":3}],[" ",{}],["%",{"fg":1}],[" LD_PRELOAD=$PWD/build/libstderred.so ls abc                                ",{}]]},"cursor":{"x":68}}],[0.181428,{"lines":{"36":[["code/stderred",{"fg":4}],[" ",{}],["(cmake",{"fg":3}],["?",{"fg":4}],[")",{"fg":3}],[" ",{}],["%",{"fg":1}],[" LD_PRELOAD=$PWD/build/libstderred.so tail dsfdsfa                          ",{}]]},"cursor":{"x":74}}],[0.166885,{"lines":{"36":[["code/stderred",{"fg":4}],[" ",{}],["(cmake",{"fg":3}],["?",{"fg":4}],[")",{"fg":3}],[" ",{}],["%",{"fg":1}],[" LD_PRELOAD=$PWD/build/libstderred.so less aaa                              ",{}]]},"cursor":{"x":70}}],[0.173885,{"lines":{"36":[["code/stderred",{"fg":4}],[" ",{}],["(cmake",{"fg":3}],["?",{"fg":4}],[")",{"fg":3}],[" ",{}],["%",{"fg":1}],[" LD_PRELOAD=$PWD/build/libstderred.so ruby -e 'raise \"lol\"' -d              ",{}]]},"cursor":{"x":86}}],[0.142842,{"lines":{"36":[["code/stderred",{"fg":4}],[" ",{}],["(cmake",{"fg":3}],["?",{"fg":4}],[")",{"fg":3}],[" ",{}],["%",{"fg":1}],[" LD_PRELOAD=$PWD/build/libstderred.so ln -s                                 ",{}]]},"cursor":{"x":67}}],[0.421033,{"lines":{"36":[["code/stderred",{"fg":4}],[" ",{}],["(cmake",{"fg":3}],["?",{"fg":4}],[")",{"fg":3}],[" ",{}],["%",{"fg":1}],[" LD_PRELOAD=$PWD/build/libstderred.so ruby -e 'raise \"lol\"' -d              ",{}]]},"cursor":{"x":86}}],[0.334283,{"lines":{"0":[["      Start  3: fprintf                                                                             ",{}]],"1":[[" 3/13 Test  #3: fprintf ..........................   Passed    0.00 sec                             ",{}]],"2":[["      Start  4: fwrite                                                                              ",{}]],"3":[[" 4/13 Test  #4: fwrite ...........................   Passed    0.00 sec                             ",{}]],"4":[["      Start  5: fwrite_unlocked                                                                     ",{}]],"5":[[" 5/13 Test  #5: fwrite_unlocked ..................   Passed    0.01 sec                             ",{}]],"6":[["      Start  6: fputc                                                                               ",{}]],"7":[[" 6/13 Test  #6: fputc ............................   Passed    0.00 sec                             ",{}]],"8":[["      Start  7: fputc_unlocked                                                                      ",{}]],"9":[[" 7/13 Test  #7: fputc_unlocked ...................   Passed    0.00 sec                             ",{}]],"10":[["      Start  8: fputs                                                                               ",{}]],"11":[[" 8/13 Test  #8: fputs ............................   Passed    0.00 sec                             ",{}]],"12":[["      Start  9: fputs_unlocked                                                                      ",{}]],"13":[[" 9/13 Test  #9: fputs_unlocked ...................   Passed    0.00 sec                             ",{}]],"14":[["      Start 10: vfprintf                                                                            ",{}]],"15":[["10/13 Test #10: vfprintf .........................   Passed    0.00 sec                             ",{}]],"16":[["      Start 11: perror                                                                              ",{}]],"17":[["11/13 Test #11: perror ...........................   Passed    0.00 sec                             ",{}]],"18":[["      Start 12: error                                                                               ",{}]],"19":[["12/13 Test #12: error ............................   Passed    0.01 sec                             ",{}]],"20":[["      Start 13: error_at_line                                                                       ",{}]],"21":[["13/13 Test #13: error_at_line ....................   Passed    0.00 sec                             ",{}]],"22":[["                                                                                                    ",{}]],"23":[["100% tests passed, 0 tests failed out of 13                                                         ",{}]],"24":[["                                                                                                    ",{}]],"25":[["Total Test time (real) =   0.09 sec                                                                 ",{}]],"26":[["make[1]: Leaving directory `/home/kill/Dropbox/code/stderred/build'                                 ",{}]],"27":[["code/stderred",{"fg":4}],[" ",{}],["(cmake",{"fg":3}],["?",{"fg":4}],[")",{"fg":3}],[" % LD_PRELOAD=$PWD/build/libstderred.so ls abc                                ",{}]],"28":[["ls: cannot access ATUS: No such file or directory                                                ",{}]],"29":[["code/stderred",{"fg":4}],[" ",{}],["(cmake",{"fg":3}],["?",{"fg":4}],[")",{"fg":3}],[" ",{}],["%",{"fg":1}],[" LD_PRELOAD=$PWD/build/libstderred.so cat sdfdsafdsa                        ",{}]],"30":[["cat: ATUS: No such file or directory                                                             ",{}]],"31":[["code/stderred",{"fg":4}],[" ",{}],["(cmake",{"fg":3}],["?",{"fg":4}],[")",{"fg":3}],[" ",{}],["%",{"fg":1}],[" LD_PRELOAD=$PWD/build/libstderred.so less sdfsdafs                         ",{}]],"32":[["sdfsdafs: No such file or directory",{"fg":1}],["                                                                 ",{}]],"33":[["code/stderred",{"fg":4}],[" ",{}],["(cmake",{"fg":3}],["?",{"fg":4}],[")",{"fg":3}],[" ",{}],["%",{"fg":1}],[" LD_PRELOAD=$PWD/build/libstderred.so tail dsfsaf                           ",{}]],"34":[["tail: cannot open ATUS for reading: No such file or directory                                    ",{}]],"35":[["code/stderred",{"fg":4}],[" ",{}],["(cmake",{"fg":3}],["?",{"fg":4}],[")",{"fg":3}],[" ",{}],["%",{"fg":1}],[" LD_PRELOAD=$PWD/build/libstderred.so ruby -e 'raise \"lol\"' -d              ",{}]],"36":[["                                                                                                    ",{}]]},"cursor":{"x":0}}],[0.015541,{"lines":{"0":[["      Start  4: fwrite                                                                              ",{}]],"1":[[" 4/13 Test  #4: fwrite ...........................   Passed    0.00 sec                             ",{}]],"2":[["      Start  5: fwrite_unlocked                                                                     ",{}]],"3":[[" 5/13 Test  #5: fwrite_unlocked ..................   Passed    0.01 sec                             ",{}]],"4":[["      Start  6: fputc                                                                               ",{}]],"5":[[" 6/13 Test  #6: fputc ............................   Passed    0.00 sec                             ",{}]],"6":[["      Start  7: fputc_unlocked                                                                      ",{}]],"7":[[" 7/13 Test  #7: fputc_unlocked ...................   Passed    0.00 sec                             ",{}]],"8":[["      Start  8: fputs                                                                               ",{}]],"9":[[" 8/13 Test  #8: fputs ............................   Passed    0.00 sec                             ",{}]],"10":[["      Start  9: fputs_unlocked                                                                      ",{}]],"11":[[" 9/13 Test  #9: fputs_unlocked ...................   Passed    0.00 sec                             ",{}]],"12":[["      Start 10: vfprintf                                                                            ",{}]],"13":[["10/13 Test #10: vfprintf .........................   Passed    0.00 sec                             ",{}]],"14":[["      Start 11: perror                                                                              ",{}]],"15":[["11/13 Test #11: perror ...........................   Passed    0.00 sec                             ",{}]],"16":[["      Start 12: error                                                                               ",{}]],"17":[["12/13 Test #12: error ............................   Passed    0.01 sec                             ",{}]],"18":[["      Start 13: error_at_line                                                                       ",{}]],"19":[["13/13 Test #13: error_at_line ....................   Passed    0.00 sec                             ",{}]],"20":[["                                                                                                    ",{}]],"21":[["100% tests passed, 0 tests failed out of 13                                                         ",{}]],"23":[["Total Test time (real) =   0.09 sec                                                                 ",{}]],"24":[["make[1]: Leaving directory `/home/kill/Dropbox/code/stderred/build'                                 ",{}]],"25":[["code/stderred",{"fg":4}],[" ",{}],["(cmake",{"fg":3}],["?",{"fg":4}],[")",{"fg":3}],[" % LD_PRELOAD=$PWD/build/libstderred.so ls abc                                ",{}]],"26":[["ls: cannot access ATUS: No such file or directory                                                ",{}]],"27":[["code/stderred",{"fg":4}],[" ",{}],["(cmake",{"fg":3}],["?",{"fg":4}],[")",{"fg":3}],[" ",{}],["%",{"fg":1}],[" LD_PRELOAD=$PWD/build/libstderred.so cat sdfdsafdsa                        ",{}]],"28":[["cat: ATUS: No such file or directory                                                             ",{}]],"29":[["code/stderred",{"fg":4}],[" ",{}],["(cmake",{"fg":3}],["?",{"fg":4}],[")",{"fg":3}],[" ",{}],["%",{"fg":1}],[" LD_PRELOAD=$PWD/build/libstderred.so less sdfsdafs                         ",{}]],"30":[["sdfsdafs: No such file or directory",{"fg":1}],["                                                                 ",{}]],"31":[["code/stderred",{"fg":4}],[" ",{}],["(cmake",{"fg":3}],["?",{"fg":4}],[")",{"fg":3}],[" ",{}],["%",{"fg":1}],[" LD_PRELOAD=$PWD/build/libstderred.so tail dsfsaf                           ",{}]],"32":[["tail: cannot open ATUS for reading: No such file or directory                                    ",{}]],"33":[["code/stderred",{"fg":4}],[" ",{}],["(cmake",{"fg":3}],["?",{"fg":4}],[")",{"fg":3}],[" ",{}],["%",{"fg":1}],[" LD_PRELOAD=$PWD/build/libstderred.so ruby -e 'raise \"lol\"' -d              ",{}]],"34":[["Exception `RuntimeError' at -e:1 - lol",{"fg":1}],["                                                              ",{}]],"35":[["-e:1:in `<main>': lol (RuntimeError)                                                                ",{"fg":1}]]}}],[0.02051,{"lines":{"36":[["code/stderred",{"fg":4}],[" ",{}],["(cmake",{"fg":3}],["?",{"fg":4}],[")",{"fg":3}],[" ",{}],["%",{"fg":1}],["                                                                            ",{}]]},"cursor":{"x":25}}],[6.7e-05,{}],[1.333365,{"lines":{"36":[["code/stderred",{"fg":4}],[" ",{}],["(cmake",{"fg":3}],["?",{"fg":4}],[")",{"fg":3}],[" ",{}],["%",{"fg":1}],[" LD_PRELOAD=$PWD/build/libstderred.so ruby -e 'raise \"lol\"' -d              ",{}]]},"cursor":{"x":86}}],[1.204312,{"lines":{"36":[["code/stderred",{"fg":4}],[" ",{}],["(cmake",{"fg":3}],["?",{"fg":4}],[")",{"fg":3}],[" ",{}],["%",{"fg":1}],[" LD_PRELOAD=$PWD/build/libstderred.so ruby -e 'raise \"lol\"'                 ",{}]]},"cursor":{"x":84}}],[0.206406,{"lines":{"36":[["code/stderred",{"fg":4}],[" ",{}],["(cmake",{"fg":3}],["?",{"fg":4}],[")",{"fg":3}],[" ",{}],["%",{"fg":1}],[" LD_PRELOAD=$PWD/build/libstderred.so ruby -e 'raise \"                      ",{}]]},"cursor":{"x":78}}],[0.173915,{"lines":{"36":[["code/stderred",{"fg":4}],[" ",{}],["(cmake",{"fg":3}],["?",{"fg":4}],[")",{"fg":3}],[" ",{}],["%",{"fg":1}],[" LD_PRELOAD=$PWD/build/libstderred.so ruby -e '                             ",{}]]},"cursor":{"x":71}}],[0.174534,{"lines":{"36":[["code/stderred",{"fg":4}],[" ",{}],["(cmake",{"fg":3}],["?",{"fg":4}],[")",{"fg":3}],[" ",{}],["%",{"fg":1}],[" LD_PRELOAD=$PWD/build/libstderred.so ruby                                  ",{}]]},"cursor":{"x":67}}],[0.318404,{"lines":{"36":[["code/stderred",{"fg":4}],[" ",{}],["(cmake",{"fg":3}],["?",{"fg":4}],[")",{"fg":3}],[" ",{}],["%",{"fg":1}],[" LD_PRELOAD=$PWD/build/libstderred.so                                       ",{}]]},"cursor":{"x":62}}],[2.814602,{"lines":{"36":[["code/stderred",{"fg":4}],[" ",{}],["(cmake",{"fg":3}],["?",{"fg":4}],[")",{"fg":3}],[" ",{}],["%",{"fg":1}],[" LD_PRELOAD=$PWD/build/libstderred.so c                                     ",{}]]},"cursor":{"x":63}}],[0.116961,{"lines":{"36":[["code/stderred",{"fg":4}],[" ",{}],["(cmake",{"fg":3}],["?",{"fg":4}],[")",{"fg":3}],[" ",{}],["%",{"fg":1}],[" LD_PRELOAD=$PWD/build/libstderred.so ca                                    ",{}]]},"cursor":{"x":64}}],[0.202047,{"lines":{"36":[["code/stderred",{"fg":4}],[" ",{}],["(cmake",{"fg":3}],["?",{"fg":4}],[")",{"fg":3}],[" ",{}],["%",{"fg":1}],[" LD_PRELOAD=$PWD/build/libstderred.so cap                                   ",{}]]},"cursor":{"x":65}}],[0.126313,{"cursor":{"x":66}}],[0.171234,{"lines":{"36":[["code/stderred",{"fg":4}],[" ",{}],["(cmake",{"fg":3}],["?",{"fg":4}],[")",{"fg":3}],[" ",{}],["%",{"fg":1}],[" LD_PRELOAD=$PWD/build/libstderred.so cap ds                                ",{}]]},"cursor":{"x":68}}],[0.12529,{"lines":{"36":[["code/stderred",{"fg":4}],[" ",{}],["(cmake",{"fg":3}],["?",{"fg":4}],[")",{"fg":3}],[" ",{}],["%",{"fg":1}],[" LD_PRELOAD=$PWD/build/libstderred.so cap dsf                               ",{}]]},"cursor":{"x":69}}],[0.08938,{"lines":{"36":[["code/stderred",{"fg":4}],[" ",{}],["(cmake",{"fg":3}],["?",{"fg":4}],[")",{"fg":3}],[" ",{}],["%",{"fg":1}],[" LD_PRELOAD=$PWD/build/libstderred.so cap dsfs                              ",{}]]},"cursor":{"x":70}}],[0.142381,{"lines":{"0":[[" 4/13 Test  #4: fwrite ...........................   Passed    0.00 sec                             ",{}]],"1":[["      Start  5: fwrite_unlocked                                                                     ",{}]],"2":[[" 5/13 Test  #5: fwrite_unlocked ..................   Passed    0.01 sec                             ",{}]],"3":[["      Start  6: fputc                                                                               ",{}]],"4":[[" 6/13 Test  #6: fputc ............................   Passed    0.00 sec                             ",{}]],"5":[["      Start  7: fputc_unlocked                                                                      ",{}]],"6":[[" 7/13 Test  #7: fputc_unlocked ...................   Passed    0.00 sec                             ",{}]],"7":[["      Start  8: fputs                                                                               ",{}]],"8":[[" 8/13 Test  #8: fputs ............................   Passed    0.00 sec                             ",{}]],"9":[["      Start  9: fputs_unlocked                                                                      ",{}]],"10":[[" 9/13 Test  #9: fputs_unlocked ...................   Passed    0.00 sec                             ",{}]],"11":[["      Start 10: vfprintf                                                                            ",{}]],"12":[["10/13 Test #10: vfprintf .........................   Passed    0.00 sec                             ",{}]],"13":[["      Start 11: perror                                                                              ",{}]],"14":[["11/13 Test #11: perror ...........................   Passed    0.00 sec                             ",{}]],"15":[["      Start 12: error                                                                               ",{}]],"16":[["12/13 Test #12: error ............................   Passed    0.01 sec                             ",{}]],"17":[["      Start 13: error_at_line                                                                       ",{}]],"18":[["13/13 Test #13: error_at_line ....................   Passed    0.00 sec                             ",{}]],"19":[["                                                                                                    ",{}]],"20":[["100% tests passed, 0 tests failed out of 13                                                         ",{}]],"21":[["                                                                                                    ",{}]],"22":[["Total Test time (real) =   0.09 sec                                                                 ",{}]],"23":[["make[1]: Leaving directory `/home/kill/Dropbox/code/stderred/build'                                 ",{}]],"24":[["code/stderred",{"fg":4}],[" ",{}],["(cmake",{"fg":3}],["?",{"fg":4}],[")",{"fg":3}],[" % LD_PRELOAD=$PWD/build/libstderred.so ls abc                                ",{}]],"25":[["ls: cannot access ATUS: No such file or directory                                                ",{}]],"26":[["code/stderred",{"fg":4}],[" ",{}],["(cmake",{"fg":3}],["?",{"fg":4}],[")",{"fg":3}],[" ",{}],["%",{"fg":1}],[" LD_PRELOAD=$PWD/build/libstderred.so cat sdfdsafdsa                        ",{}]],"27":[["cat: ATUS: No such file or directory                                                             ",{}]],"28":[["code/stderred",{"fg":4}],[" ",{}],["(cmake",{"fg":3}],["?",{"fg":4}],[")",{"fg":3}],[" ",{}],["%",{"fg":1}],[" LD_PRELOAD=$PWD/build/libstderred.so less sdfsdafs                         ",{}]],"29":[["sdfsdafs: No such file or directory",{"fg":1}],["                                                                 ",{}]],"30":[["code/stderred",{"fg":4}],[" ",{}],["(cmake",{"fg":3}],["?",{"fg":4}],[")",{"fg":3}],[" ",{}],["%",{"fg":1}],[" LD_PRELOAD=$PWD/build/libstderred.so tail dsfsaf                           ",{}]],"31":[["tail: cannot open ATUS for reading: No such file or directory                                    ",{}]],"32":[["code/stderred",{"fg":4}],[" ",{}],["(cmake",{"fg":3}],["?",{"fg":4}],[")",{"fg":3}],[" ",{}],["%",{"fg":1}],[" LD_PRELOAD=$PWD/build/libstderred.so ruby -e 'raise \"lol\"' -d              ",{}]],"33":[["Exception `RuntimeError' at -e:1 - lol",{"fg":1}],["                                                              ",{}]],"34":[["-e:1:in `<main>': lol (RuntimeError)                                                                ",{"fg":1}]],"35":[["code/stderred",{"fg":4}],[" ",{}],["(cmake",{"fg":3}],["?",{"fg":4}],[")",{"fg":3}],[" ",{}],["%",{"fg":1}],[" LD_PRELOAD=$PWD/build/libstderred.so cap dsfs                              ",{}]],"36":[["                                                                                                    ",{}]]},"cursor":{"x":0}}],[0.368646,{"lines":{"0":[["      Start  5: fwrite_unlocked                                                                     ",{}]],"1":[[" 5/13 Test  #5: fwrite_unlocked ..................   Passed    0.01 sec                             ",{}]],"2":[["      Start  6: fputc                                                                               ",{}]],"3":[[" 6/13 Test  #6: fputc ............................   Passed    0.00 sec                             ",{}]],"4":[["      Start  7: fputc_unlocked                                                                      ",{}]],"5":[[" 7/13 Test  #7: fputc_unlocked ...................   Passed    0.00 sec                             ",{}]],"6":[["      Start  8: fputs                                                                               ",{}]],"7":[[" 8/13 Test  #8: fputs ............................   Passed    0.00 sec                             ",{}]],"8":[["      Start  9: fputs_unlocked                                                                      ",{}]],"9":[[" 9/13 Test  #9: fputs_unlocked ...................   Passed    0.00 sec                             ",{}]],"10":[["      Start 10: vfprintf                                                                            ",{}]],"11":[["10/13 Test #10: vfprintf .........................   Passed    0.00 sec                             ",{}]],"12":[["      Start 11: perror                                                                              ",{}]],"13":[["11/13 Test #11: perror ...........................   Passed    0.00 sec                             ",{}]],"14":[["      Start 12: error                                                                               ",{}]],"15":[["12/13 Test #12: error ............................   Passed    0.01 sec                             ",{}]],"16":[["      Start 13: error_at_line                                                                       ",{}]],"17":[["13/13 Test #13: error_at_line ....................   Passed    0.00 sec                             ",{}]],"18":[["                                                                                                    ",{}]],"19":[["100% tests passed, 0 tests failed out of 13                                                         ",{}]],"20":[["                                                                                                    ",{}]],"21":[["Total Test time (real) =   0.09 sec                                                                 ",{}]],"22":[["make[1]: Leaving directory `/home/kill/Dropbox/code/stderred/build'                                 ",{}]],"23":[["code/stderred",{"fg":4}],[" ",{}],["(cmake",{"fg":3}],["?",{"fg":4}],[")",{"fg":3}],[" % LD_PRELOAD=$PWD/build/libstderred.so ls abc                                ",{}]],"24":[["ls: cannot access ATUS: No such file or directory                                                ",{}]],"25":[["code/stderred",{"fg":4}],[" ",{}],["(cmake",{"fg":3}],["?",{"fg":4}],[")",{"fg":3}],[" ",{}],["%",{"fg":1}],[" LD_PRELOAD=$PWD/build/libstderred.so cat sdfdsafdsa                        ",{}]],"26":[["cat: ATUS: No such file or directory                                                             ",{}]],"27":[["code/stderred",{"fg":4}],[" ",{}],["(cmake",{"fg":3}],["?",{"fg":4}],[")",{"fg":3}],[" ",{}],["%",{"fg":1}],[" LD_PRELOAD=$PWD/build/libstderred.so less sdfsdafs                         ",{}]],"28":[["sdfsdafs: No such file or directory",{"fg":1}],["                                                                 ",{}]],"29":[["code/stderred",{"fg":4}],[" ",{}],["(cmake",{"fg":3}],["?",{"fg":4}],[")",{"fg":3}],[" ",{}],["%",{"fg":1}],[" LD_PRELOAD=$PWD/build/libstderred.so tail dsfsaf                           ",{}]],"30":[["tail: cannot open ATUS for reading: No such file or directory                                    ",{}]],"31":[["code/stderred",{"fg":4}],[" ",{}],["(cmake",{"fg":3}],["?",{"fg":4}],[")",{"fg":3}],[" ",{}],["%",{"fg":1}],[" LD_PRELOAD=$PWD/build/libstderred.so ruby -e 'raise \"lol\"' -d              ",{}]],"32":[["Exception `RuntimeError' at -e:1 - lol",{"fg":1}],["                                                              ",{}]],"33":[["-e:1:in `<main>': lol (RuntimeError)                                                                ",{"fg":1}]],"34":[["code/stderred",{"fg":4}],[" ",{}],["(cmake",{"fg":3}],["?",{"fg":4}],[")",{"fg":3}],[" ",{}],["%",{"fg":1}],[" LD_PRELOAD=$PWD/build/libstderred.so cap dsfs                              ",{}]],"35":[["the task `dsfs' does not exist",{"fg":1}],["                                                                      ",{}]],"36":[["                                                                                                    ",{"fg":1}]]}}],[0.009447000000000001,{"lines":{"36":[["                                                                                                    ",{}]]}}],[0.016351,{"lines":{"36":[["code/stderred",{"fg":4}],[" ",{}],["(cmake",{"fg":3}],["?",{"fg":4}],[")",{"fg":3}],[" ",{}],["%",{"fg":1}],["                                                                            ",{}]]},"cursor":{"x":25}}],[2.48933,{"lines":{"36":[["code/stderred",{"fg":4}],[" ",{}],["(cmake",{"fg":3}],["?",{"fg":4}],[")",{"fg":3}],[" ",{}],["%",{"fg":1}],[" LD_PRELOAD=$PWD/build/libstderred.so cap dsfs                              ",{}]]},"cursor":{"x":70}}],[0.142554,{"lines":{"36":[["code/stderred",{"fg":4}],[" ",{}],["(cmake",{"fg":3}],["?",{"fg":4}],[")",{"fg":3}],[" ",{}],["%",{"fg":1}],[" LD_PRELOAD=$PWD/build/libstderred.so ruby -e 'raise \"lol\"' -d              ",{}]]},"cursor":{"x":86}}],[0.899717,{"lines":{"36":[["code/stderred",{"fg":4}],[" ",{}],["(cmake",{"fg":3}],["?",{"fg":4}],[")",{"fg":3}],[" ",{}],["%",{"fg":1}],[" LD_PRELOAD=$PWD/build/libstderred.so ruby -e 'raise \"lol\"'                 ",{}]]},"cursor":{"x":84}}],[0.326839,{"lines":{"36":[["code/stderred",{"fg":4}],[" ",{}],["(cmake",{"fg":3}],["?",{"fg":4}],[")",{"fg":3}],[" ",{}],["%",{"fg":1}],[" LD_PRELOAD=$PWD/build/libstderred.so ruby -e 'raise \"                      ",{}]]},"cursor":{"x":78}}],[0.213053,{"lines":{"36":[["code/stderred",{"fg":4}],[" ",{}],["(cmake",{"fg":3}],["?",{"fg":4}],[")",{"fg":3}],[" ",{}],["%",{"fg":1}],[" LD_PRELOAD=$PWD/build/libstderred.so ruby -e '                             ",{}]]},"cursor":{"x":71}}],[0.18322,{"lines":{"36":[["code/stderred",{"fg":4}],[" ",{}],["(cmake",{"fg":3}],["?",{"fg":4}],[")",{"fg":3}],[" ",{}],["%",{"fg":1}],[" LD_PRELOAD=$PWD/build/libstderred.so ruby                                  ",{}]]},"cursor":{"x":67}}],[0.222419,{"lines":{"36":[["code/stderred",{"fg":4}],[" ",{}],["(cmake",{"fg":3}],["?",{"fg":4}],[")",{"fg":3}],[" ",{}],["%",{"fg":1}],[" LD_PRELOAD=$PWD/build/libstderred.so                                       ",{}]]},"cursor":{"x":62}}],[1.501043,{"lines":{"36":[["code/stderred",{"fg":4}],[" ",{}],["(cmake",{"fg":3}],["?",{"fg":4}],[")",{"fg":3}],[" ",{}],["%",{"fg":1}],[" LD_PRELOAD=$PWD/build/libstderred.so f                                     ",{}]]},"cursor":{"x":63}}],[0.166984,{"lines":{"36":[["code/stderred",{"fg":4}],[" ",{}],["(cmake",{"fg":3}],["?",{"fg":4}],[")",{"fg":3}],[" ",{}],["%",{"fg":1}],[" LD_PRELOAD=$PWD/build/libstderred.so fi                                    ",{}]]},"cursor":{"x":64}}],[0.08661199999999999,{"lines":{"36":[["code/stderred",{"fg":4}],[" ",{}],["(cmake",{"fg":3}],["?",{"fg":4}],[")",{"fg":3}],[" ",{}],["%",{"fg":1}],[" LD_PRELOAD=$PWD/build/libstderred.so fin                                   ",{}]]},"cursor":{"x":65}}],[0.244451,{"lines":{"36":[["code/stderred",{"fg":4}],[" ",{}],["(cmake",{"fg":3}],["?",{"fg":4}],[")",{"fg":3}],[" ",{}],["%",{"fg":1}],[" LD_PRELOAD=$PWD/build/libstderred.so find                                  ",{}]]},"cursor":{"x":66}}],[0.417424,{"cursor":{"x":67}}],[0.430393,{"lines":{"36":[["code/stderred",{"fg":4}],[" ",{}],["(cmake",{"fg":3}],["?",{"fg":4}],[")",{"fg":3}],[" ",{}],["%",{"fg":1}],[" LD_PRELOAD=$PWD/build/libstderred.so find -                                ",{}]]},"cursor":{"x":68}}],[0.836008,{"lines":{"36":[["code/stderred",{"fg":4}],[" ",{}],["(cmake",{"fg":3}],["?",{"fg":4}],[")",{"fg":3}],[" ",{}],["%",{"fg":1}],[" LD_PRELOAD=$PWD/build/libstderred.so find -q                               ",{}]]},"cursor":{"x":69}}],[0.091339,{"lines":{"0":[[" 5/13 Test  #5: fwrite_unlocked ..................   Passed    0.01 sec                             ",{}]],"1":[["      Start  6: fputc                                                                               ",{}]],"2":[[" 6/13 Test  #6: fputc ............................   Passed    0.00 sec                             ",{}]],"3":[["      Start  7: fputc_unlocked                                                                      ",{}]],"4":[[" 7/13 Test  #7: fputc_unlocked ...................   Passed    0.00 sec                             ",{}]],"5":[["      Start  8: fputs                                                                               ",{}]],"6":[[" 8/13 Test  #8: fputs ............................   Passed    0.00 sec                             ",{}]],"7":[["      Start  9: fputs_unlocked                                                                      ",{}]],"8":[[" 9/13 Test  #9: fputs_unlocked ...................   Passed    0.00 sec                             ",{}]],"9":[["      Start 10: vfprintf                                                                            ",{}]],"10":[["10/13 Test #10: vfprintf .........................   Passed    0.00 sec                             ",{}]],"11":[["      Start 11: perror                                                                              ",{}]],"12":[["11/13 Test #11: perror ...........................   Passed    0.00 sec                             ",{}]],"13":[["      Start 12: error                                                                               ",{}]],"14":[["12/13 Test #12: error ............................   Passed    0.01 sec                             ",{}]],"15":[["      Start 13: error_at_line                                                                       ",{}]],"16":[["13/13 Test #13: error_at_line ....................   Passed    0.00 sec                             ",{}]],"17":[["                                                                                                    ",{}]],"18":[["100% tests passed, 0 tests failed out of 13                                                         ",{}]],"19":[["                                                                                                    ",{}]],"20":[["Total Test time (real) =   0.09 sec                                                                 ",{}]],"21":[["make[1]: Leaving directory `/home/kill/Dropbox/code/stderred/build'                                 ",{}]],"22":[["code/stderred",{"fg":4}],[" ",{}],["(cmake",{"fg":3}],["?",{"fg":4}],[")",{"fg":3}],[" % LD_PRELOAD=$PWD/build/libstderred.so ls abc                                ",{}]],"23":[["ls: cannot access ATUS: No such file or directory                                                ",{}]],"24":[["code/stderred",{"fg":4}],[" ",{}],["(cmake",{"fg":3}],["?",{"fg":4}],[")",{"fg":3}],[" ",{}],["%",{"fg":1}],[" LD_PRELOAD=$PWD/build/libstderred.so cat sdfdsafdsa                        ",{}]],"25":[["cat: ATUS: No such file or directory                                                             ",{}]],"26":[["code/stderred",{"fg":4}],[" ",{}],["(cmake",{"fg":3}],["?",{"fg":4}],[")",{"fg":3}],[" ",{}],["%",{"fg":1}],[" LD_PRELOAD=$PWD/build/libstderred.so less sdfsdafs                         ",{}]],"27":[["sdfsdafs: No such file or directory",{"fg":1}],["                                                                 ",{}]],"28":[["code/stderred",{"fg":4}],[" ",{}],["(cmake",{"fg":3}],["?",{"fg":4}],[")",{"fg":3}],[" ",{}],["%",{"fg":1}],[" LD_PRELOAD=$PWD/build/libstderred.so tail dsfsaf                           ",{}]],"29":[["tail: cannot open ATUS for reading: No such file or directory                                    ",{}]],"30":[["code/stderred",{"fg":4}],[" ",{}],["(cmake",{"fg":3}],["?",{"fg":4}],[")",{"fg":3}],[" ",{}],["%",{"fg":1}],[" LD_PRELOAD=$PWD/build/libstderred.so ruby -e 'raise \"lol\"' -d              ",{}]],"31":[["Exception `RuntimeError' at -e:1 - lol",{"fg":1}],["                                                              ",{}]],"32":[["-e:1:in `<main>': lol (RuntimeError)                                                                ",{"fg":1}]],"33":[["code/stderred",{"fg":4}],[" ",{}],["(cmake",{"fg":3}],["?",{"fg":4}],[")",{"fg":3}],[" ",{}],["%",{"fg":1}],[" LD_PRELOAD=$PWD/build/libstderred.so cap dsfs                              ",{}]],"34":[["the task `dsfs' does not exist",{"fg":1}],["                                                                      ",{}]],"35":[["code/stderred",{"fg":4}],[" ",{}],["(cmake",{"fg":3}],["?",{"fg":4}],[")",{"fg":3}],[" ",{}],["%",{"fg":1}],[" LD_PRELOAD=$PWD/build/libstderred.so find -q                               ",{}]],"36":[["                                                                                                    ",{}]]},"cursor":{"x":0}}],[0.005426,{"lines":{"0":[["      Start  6: fputc                                                                               ",{}]],"1":[[" 6/13 Test  #6: fputc ............................   Passed    0.00 sec                             ",{}]],"2":[["      Start  7: fputc_unlocked                                                                      ",{}]],"3":[[" 7/13 Test  #7: fputc_unlocked ...................   Passed    0.00 sec                             ",{}]],"4":[["      Start  8: fputs                                                                               ",{}]],"5":[[" 8/13 Test  #8: fputs ............................   Passed    0.00 sec                             ",{}]],"6":[["      Start  9: fputs_unlocked                                                                      ",{}]],"7":[[" 9/13 Test  #9: fputs_unlocked ...................   Passed    0.00 sec                             ",{}]],"8":[["      Start 10: vfprintf                                                                            ",{}]],"9":[["10/13 Test #10: vfprintf .........................   Passed    0.00 sec                             ",{}]],"10":[["      Start 11: perror                                                                              ",{}]],"11":[["11/13 Test #11: perror ...........................   Passed    0.00 sec                             ",{}]],"12":[["      Start 12: error                                                                               ",{}]],"13":[["12/13 Test #12: error ............................   Passed    0.01 sec                             ",{}]],"14":[["      Start 13: error_at_line                                                                       ",{}]],"15":[["13/13 Test #13: error_at_line ....................   Passed    0.00 sec                             ",{}]],"16":[["                                                                                                    ",{}]],"17":[["100% tests passed, 0 tests failed out of 13                                                         ",{}]],"18":[["                                                                                                    ",{}]],"19":[["Total Test time (real) =   0.09 sec                                                                 ",{}]],"20":[["make[1]: Leaving directory `/home/kill/Dropbox/code/stderred/build'                                 ",{}]],"21":[["code/stderred",{"fg":4}],[" ",{}],["(cmake",{"fg":3}],["?",{"fg":4}],[")",{"fg":3}],[" % LD_PRELOAD=$PWD/build/libstderred.so ls abc                                ",{}]],"22":[["ls: cannot access ATUS: No such file or directory                                                ",{}]],"23":[["code/stderred",{"fg":4}],[" ",{}],["(cmake",{"fg":3}],["?",{"fg":4}],[")",{"fg":3}],[" ",{}],["%",{"fg":1}],[" LD_PRELOAD=$PWD/build/libstderred.so cat sdfdsafdsa                        ",{}]],"24":[["cat: ATUS: No such file or directory                                                             ",{}]],"25":[["code/stderred",{"fg":4}],[" ",{}],["(cmake",{"fg":3}],["?",{"fg":4}],[")",{"fg":3}],[" ",{}],["%",{"fg":1}],[" LD_PRELOAD=$PWD/build/libstderred.so less sdfsdafs                         ",{}]],"26":[["sdfsdafs: No such file or directory",{"fg":1}],["                                                                 ",{}]],"27":[["code/stderred",{"fg":4}],[" ",{}],["(cmake",{"fg":3}],["?",{"fg":4}],[")",{"fg":3}],[" ",{}],["%",{"fg":1}],[" LD_PRELOAD=$PWD/build/libstderred.so tail dsfsaf                           ",{}]],"28":[["tail: cannot open ATUS for reading: No such file or directory                                    ",{}]],"29":[["code/stderred",{"fg":4}],[" ",{}],["(cmake",{"fg":3}],["?",{"fg":4}],[")",{"fg":3}],[" ",{}],["%",{"fg":1}],[" LD_PRELOAD=$PWD/build/libstderred.so ruby -e 'raise \"lol\"' -d              ",{}]],"30":[["Exception `RuntimeError' at -e:1 - lol",{"fg":1}],["                                                              ",{}]],"31":[["-e:1:in `<main>': lol (RuntimeError)                                                                ",{"fg":1}]],"32":[["code/stderred",{"fg":4}],[" ",{}],["(cmake",{"fg":3}],["?",{"fg":4}],[")",{"fg":3}],[" ",{}],["%",{"fg":1}],[" LD_PRELOAD=$PWD/build/libstderred.so cap dsfs                              ",{}]],"33":[["the task `dsfs' does not exist",{"fg":1}],["                                                                      ",{}]],"34":[["code/stderred",{"fg":4}],[" ",{}],["(cmake",{"fg":3}],["?",{"fg":4}],[")",{"fg":3}],[" ",{}],["%",{"fg":1}],[" LD_PRELOAD=$PWD/build/libstderred.so find -q                               ",{}]],"35":[["find: unknown predicate `ATUS'                                                                   ",{}]]}}],[0.033525,{"lines":{"36":[["code/stderred",{"fg":4}],[" ",{}],["(cmake",{"fg":3}],["?",{"fg":4}],[")",{"fg":3}],[" ",{}],["%",{"fg":1}],["                                                                            ",{}]]},"cursor":{"x":25}}],[3.375465,{"lines":{"0":[[" 6/13 Test  #6: fputc ............................   Passed    0.00 sec                             ",{}]],"1":[["      Start  7: fputc_unlocked                                                                      ",{}]],"2":[[" 7/13 Test  #7: fputc_unlocked ...................   Passed    0.00 sec                             ",{}]],"3":[["      Start  8: fputs                                                                               ",{}]],"4":[[" 8/13 Test  #8: fputs ............................   Passed    0.00 sec                             ",{}]],"5":[["      Start  9: fputs_unlocked                                                                      ",{}]],"6":[[" 9/13 Test  #9: fputs_unlocked ...................   Passed    0.00 sec                             ",{}]],"7":[["      Start 10: vfprintf                                                                            ",{}]],"8":[["10/13 Test #10: vfprintf .........................   Passed    0.00 sec                             ",{}]],"9":[["      Start 11: perror                                                                              ",{}]],"10":[["11/13 Test #11: perror ...........................   Passed    0.00 sec                             ",{}]],"11":[["      Start 12: error                                                                               ",{}]],"12":[["12/13 Test #12: error ............................   Passed    0.01 sec                             ",{}]],"13":[["      Start 13: error_at_line                                                                       ",{}]],"14":[["13/13 Test #13: error_at_line ....................   Passed    0.00 sec                             ",{}]],"15":[["                                                                                                    ",{}]],"16":[["100% tests passed, 0 tests failed out of 13                                                         ",{}]],"17":[["                                                                                                    ",{}]],"18":[["Total Test time (real) =   0.09 sec                                                                 ",{}]],"19":[["make[1]: Leaving directory `/home/kill/Dropbox/code/stderred/build'                                 ",{}]],"20":[["code/stderred",{"fg":4}],[" ",{}],["(cmake",{"fg":3}],["?",{"fg":4}],[")",{"fg":3}],[" % LD_PRELOAD=$PWD/build/libstderred.so ls abc                                ",{}]],"21":[["ls: cannot access ATUS: No such file or directory                                                ",{}]],"22":[["code/stderred",{"fg":4}],[" ",{}],["(cmake",{"fg":3}],["?",{"fg":4}],[")",{"fg":3}],[" ",{}],["%",{"fg":1}],[" LD_PRELOAD=$PWD/build/libstderred.so cat sdfdsafdsa                        ",{}]],"23":[["cat: ATUS: No such file or directory                                                             ",{}]],"24":[["code/stderred",{"fg":4}],[" ",{}],["(cmake",{"fg":3}],["?",{"fg":4}],[")",{"fg":3}],[" ",{}],["%",{"fg":1}],[" LD_PRELOAD=$PWD/build/libstderred.so less sdfsdafs                         ",{}]],"25":[["sdfsdafs: No such file or directory",{"fg":1}],["                                                                 ",{}]],"26":[["code/stderred",{"fg":4}],[" ",{}],["(cmake",{"fg":3}],["?",{"fg":4}],[")",{"fg":3}],[" ",{}],["%",{"fg":1}],[" LD_PRELOAD=$PWD/build/libstderred.so tail dsfsaf                           ",{}]],"27":[["tail: cannot open ATUS for reading: No such file or directory                                    ",{}]],"28":[["code/stderred",{"fg":4}],[" ",{}],["(cmake",{"fg":3}],["?",{"fg":4}],[")",{"fg":3}],[" ",{}],["%",{"fg":1}],[" LD_PRELOAD=$PWD/build/libstderred.so ruby -e 'raise \"lol\"' -d              ",{}]],"29":[["Exception `RuntimeError' at -e:1 - lol",{"fg":1}],["                                                              ",{}]],"30":[["-e:1:in `<main>': lol (RuntimeError)                                                                ",{"fg":1}]],"31":[["code/stderred",{"fg":4}],[" ",{}],["(cmake",{"fg":3}],["?",{"fg":4}],[")",{"fg":3}],[" ",{}],["%",{"fg":1}],[" LD_PRELOAD=$PWD/build/libstderred.so cap dsfs                              ",{}]],"32":[["the task `dsfs' does not exist",{"fg":1}],["                                                                      ",{}]],"33":[["code/stderred",{"fg":4}],[" ",{}],["(cmake",{"fg":3}],["?",{"fg":4}],[")",{"fg":3}],[" ",{}],["%",{"fg":1}],[" LD_PRELOAD=$PWD/build/libstderred.so find -q                               ",{}]],"34":[["find: unknown predicate `ATUS'                                                                   ",{}]],"35":[["code/stderred",{"fg":4}],[" ",{}],["(cmake",{"fg":3}],["?",{"fg":4}],[")",{"fg":3}],[" ",{}],["%",{"fg":1}],["                                                                            ",{}]],"36":[["                                                                                                    ",{}]]},"cursor":{"x":0}}]]